Using pre-set license
Built from '6000.0/staging' branch; Version is '6000.0.50f1 (f1ef1dca8bff) revision 15855389'; Using compiler version '193933523'; Build Type 'Release'
OS: 'Windows 11  (10.0.26100) 64bit Core' Language: 'en' Physical Memory: 32682 MB
BatchMode: 1, IsHumanControllingUs: 0, StartBugReporterOnCrash: 0, Is64bit: 1
Date: 2025-08-18T13:09:49Z

COMMAND LINE ARGUMENTS:
C:\Program Files\Unity\Hub\Editor\6000.0.50f1\Editor\Unity.exe
-adb2
-batchMode
-noUpm
-name
AssetImportWorker6
-projectPath
C:/GitHub/WyrmsWake/WyrmsWake
-logFile
Logs/AssetImportWorker6.log
-srvPort
64976
-job-worker-count
7
-background-job-worker-count
8
-gc-helper-count
1
Successfully changed project path to: C:/GitHub/WyrmsWake/WyrmsWake
C:/GitHub/WyrmsWake/WyrmsWake
[UnityMemory] Configuration Parameters - Can be set up in boot.config
    "memorysetup-bucket-allocator-granularity=16"
    "memorysetup-bucket-allocator-bucket-count=8"
    "memorysetup-bucket-allocator-block-size=33554432"
    "memorysetup-bucket-allocator-block-count=8"
    "memorysetup-main-allocator-block-size=16777216"
    "memorysetup-thread-allocator-block-size=16777216"
    "memorysetup-gfx-main-allocator-block-size=16777216"
    "memorysetup-gfx-thread-allocator-block-size=16777216"
    "memorysetup-cache-allocator-block-size=4194304"
    "memorysetup-typetree-allocator-block-size=2097152"
    "memorysetup-profiler-bucket-allocator-granularity=16"
    "memorysetup-profiler-bucket-allocator-bucket-count=8"
    "memorysetup-profiler-bucket-allocator-block-size=33554432"
    "memorysetup-profiler-bucket-allocator-block-count=8"
    "memorysetup-profiler-allocator-block-size=16777216"
    "memorysetup-profiler-editor-allocator-block-size=1048576"
    "memorysetup-temp-allocator-size-main=16777216"
    "memorysetup-job-temp-allocator-block-size=2097152"
    "memorysetup-job-temp-allocator-block-size-background=1048576"
    "memorysetup-job-temp-allocator-reduction-small-platforms=262144"
    "memorysetup-allocator-temp-initial-block-size-main=262144"
    "memorysetup-allocator-temp-initial-block-size-worker=262144"
    "memorysetup-temp-allocator-size-background-worker=32768"
    "memorysetup-temp-allocator-size-job-worker=262144"
    "memorysetup-temp-allocator-size-preload-manager=33554432"
    "memorysetup-temp-allocator-size-nav-mesh-worker=65536"
    "memorysetup-temp-allocator-size-audio-worker=65536"
    "memorysetup-temp-allocator-size-cloud-worker=32768"
    "memorysetup-temp-allocator-size-gi-baking-worker=262144"
    "memorysetup-temp-allocator-size-gi-baking-worker=262144"
    "memorysetup-temp-allocator-size-gi-baking-worker=262144"
    "memorysetup-temp-allocator-size-gi-baking-worker=262144"
    "memorysetup-temp-allocator-size-gi-baking-worker=262144"
    "memorysetup-temp-allocator-size-gfx=262144"
Player connection [38448]  Target information:

Player connection [38448]  * "[IP] 192.168.1.165 [Port] 0 [Flags] 2 [Guid] 3093042151 [EditorId] 3093042151 [Version] 1048832 [Id] WindowsEditor(7,AQ-PC) [Debug] 1 [PackageName] WindowsEditor [ProjectName] Editor" 

Player connection [38448]  * "[IP] 10.11.11.3 [Port] 0 [Flags] 2 [Guid] 3093042151 [EditorId] 3093042151 [Version] 1048832 [Id] WindowsEditor(7,AQ-PC) [Debug] 1 [PackageName] WindowsEditor [ProjectName] Editor" 

Player connection [38448] Host joined multi-casting on [225.0.0.222:54997]...
Player connection [38448] Host joined alternative multi-casting on [225.0.0.222:34997]...
JobSystem: Creating JobQueue using job-worker-count value 7
Input System module state changed to: Initialized.
[Physics::Module] Initialized fallback backend.
[Physics::Module] Id: 0xdecafbad
Library Redirect Path: Library/
[Physics::Module] Selected backend.
[Physics::Module] Name: PhysX
[Physics::Module] Id: 0xf2b8ea05
[Physics::Module] SDK Version: 4.1.2
[Physics::Module] Integration Version: 1.0.0
[Physics::Module] Threading Mode: Multi-Threaded
Refreshing native plugins compatible for Editor in 1.65 ms, found 3 plugins.
Preloading 0 native plugins for Editor in 0.00 ms.
Initialize engine version: 6000.0.50f1 (f1ef1dca8bff)
[Subsystems] Discovering subsystems at path C:/Program Files/Unity/Hub/Editor/6000.0.50f1/Editor/Data/Resources/UnitySubsystems
[Subsystems] Discovering subsystems at path C:/GitHub/WyrmsWake/WyrmsWake/Assets
GfxDevice: creating device client; kGfxThreadingModeNonThreaded
Direct3D:
    Version:  Direct3D 11.0 [level 11.1]
    Renderer: NVIDIA GeForce RTX 4070 Ti SUPER (ID=0x2705)
    Vendor:   NVIDIA
    VRAM:     16063 MB
    Driver:   32.0.15.7688
Initialize mono
Mono path[0] = 'C:/Program Files/Unity/Hub/Editor/6000.0.50f1/Editor/Data/Managed'
Mono path[1] = 'C:/Program Files/Unity/Hub/Editor/6000.0.50f1/Editor/Data/MonoBleedingEdge/lib/mono/unityjit-win32'
Mono config path = 'C:/Program Files/Unity/Hub/Editor/6000.0.50f1/Editor/Data/MonoBleedingEdge/etc'
Using monoOptions --debugger-agent=transport=dt_socket,embedding=1,server=y,suspend=n,address=127.0.0.1:56216
Begin MonoManager ReloadAssembly
Registering precompiled unity dll's ...
Register platform support module: C:/Program Files/Unity/Hub/Editor/6000.0.50f1/Editor/Data/PlaybackEngines/WindowsStandaloneSupport/UnityEditor.WindowsStandalone.Extensions.dll
Registered in 0.003071 seconds.
- Loaded All Assemblies, in  0.311 seconds
Native extension for WindowsStandalone target not found
Mono: successfully reloaded assembly
- Finished resetting the current domain, in  0.282 seconds
Domain Reload Profiling: 592ms
	BeginReloadAssembly (109ms)
		ExecutionOrderSort (0ms)
		DisableScriptedObjects (0ms)
		BackupInstance (0ms)
		ReleaseScriptingObjects (0ms)
		CreateAndSetChildDomain (1ms)
	RebuildCommonClasses (31ms)
	RebuildNativeTypeToScriptingClass (9ms)
	initialDomainReloadingComplete (41ms)
	LoadAllAssembliesAndSetupDomain (118ms)
		LoadAssemblies (107ms)
		RebuildTransferFunctionScriptingTraits (0ms)
		AnalyzeDomain (116ms)
			TypeCache.Refresh (115ms)
				TypeCache.ScanAssembly (104ms)
			BuildScriptInfoCaches (0ms)
			ResolveRequiredComponents (0ms)
	FinalizeReload (283ms)
		ReleaseScriptCaches (0ms)
		RebuildScriptCaches (0ms)
		SetupLoadedEditorAssemblies (242ms)
			LogAssemblyErrors (0ms)
			InitializePlatformSupportModulesInManaged (17ms)
			SetLoadedEditorAssemblies (3ms)
			BeforeProcessingInitializeOnLoad (49ms)
			ProcessInitializeOnLoadAttributes (122ms)
			ProcessInitializeOnLoadMethodAttributes (51ms)
			AfterProcessingInitializeOnLoad (0ms)
			EditorAssembliesLoaded (0ms)
		ExecutionOrderSort2 (0ms)
		AwakeInstancesAfterBackupRestoration (0ms)
========================================================================
Worker process is ready to serve import requests
Import Worker Mode flag is 0x00
Begin MonoManager ReloadAssembly
- Loaded All Assemblies, in  0.636 seconds
Refreshing native plugins compatible for Editor in 0.86 ms, found 3 plugins.
Native extension for WindowsStandalone target not found
Mono: successfully reloaded assembly
- Finished resetting the current domain, in  0.617 seconds
Domain Reload Profiling: 1250ms
	BeginReloadAssembly (158ms)
		ExecutionOrderSort (0ms)
		DisableScriptedObjects (6ms)
		BackupInstance (0ms)
		ReleaseScriptingObjects (0ms)
		CreateAndSetChildDomain (27ms)
	RebuildCommonClasses (32ms)
	RebuildNativeTypeToScriptingClass (9ms)
	initialDomainReloadingComplete (33ms)
	LoadAllAssembliesAndSetupDomain (401ms)
		LoadAssemblies (287ms)
		RebuildTransferFunctionScriptingTraits (0ms)
		AnalyzeDomain (201ms)
			TypeCache.Refresh (149ms)
				TypeCache.ScanAssembly (137ms)
			BuildScriptInfoCaches (38ms)
			ResolveRequiredComponents (10ms)
	FinalizeReload (617ms)
		ReleaseScriptCaches (0ms)
		RebuildScriptCaches (0ms)
		SetupLoadedEditorAssemblies (461ms)
			LogAssemblyErrors (0ms)
			InitializePlatformSupportModulesInManaged (2ms)
			SetLoadedEditorAssemblies (3ms)
			BeforeProcessingInitializeOnLoad (96ms)
			ProcessInitializeOnLoadAttributes (307ms)
			ProcessInitializeOnLoadMethodAttributes (51ms)
			AfterProcessingInitializeOnLoad (3ms)
			EditorAssembliesLoaded (0ms)
		ExecutionOrderSort2 (0ms)
		AwakeInstancesAfterBackupRestoration (6ms)
Launched and connected shader compiler UnityShaderCompiler.exe after 0.01 seconds
Refreshing native plugins compatible for Editor in 1.30 ms, found 3 plugins.
Preloading 0 native plugins for Editor in 0.00 ms.
Unloading 218 Unused Serialized files (Serialized files now loaded: 0)
Unloading 6084 unused Assets / (6.3 MB). Loaded Objects now: 6760.
Memory consumption went from 236.7 MB to 230.4 MB.
Total: 14.006900 ms (FindLiveObjects: 1.436200 ms CreateObjectMapping: 1.086200 ms MarkObjects: 7.470700 ms  DeleteObjects: 4.013300 ms)

========================================================================
Received Import Request.
  Time since last request: 96125.766311 seconds.
  path: Assets/Kevin Iglesias/Human Animations/Unity Demo Scenes/Human Spellcasting Animations/Prefabs/HumanF_Dummy_Purple.prefab
  artifactKey: Guid(e30cc439c2f0b804aa5ffa12558fe03c) Importer(815301076,1909f56bfc062723c751e8b465ee728b)
Start importing Assets/Kevin Iglesias/Human Animations/Unity Demo Scenes/Human Spellcasting Animations/Prefabs/HumanF_Dummy_Purple.prefab using Guid(e30cc439c2f0b804aa5ffa12558fe03c) Importer(815301076,1909f56bfc062723c751e8b465ee728b) (PreviewImporter) -> (artifact id: '54110249fafbed93e05b79d5df46f140') in 0.4257086 seconds
Number of updated asset objects reloaded before import = 0Number of asset objects unloaded after import = 269

========================================================================
Received Import Request.
  Time since last request: 143.055343 seconds.
  path: Assets/Kevin Iglesias/Human Animations/Unity Demo Scenes/Human Basic Motions/AnimatorControllers/HumanF@Idles.overrideController
  artifactKey: Guid(4f9800672af7570478f085a3023ace57) Importer(815301076,1909f56bfc062723c751e8b465ee728b)
Start importing Assets/Kevin Iglesias/Human Animations/Unity Demo Scenes/Human Basic Motions/AnimatorControllers/HumanF@Idles.overrideController using Guid(4f9800672af7570478f085a3023ace57) Importer(815301076,1909f56bfc062723c751e8b465ee728b) (PreviewImporter) -> (artifact id: '436f8498a9fb4f4c6a0e184378250cf4') in 0.0093877 seconds
Number of updated asset objects reloaded before import = 0Number of asset objects unloaded after import = 19

========================================================================
Received Import Request.
  Time since last request: 10.848161 seconds.
  path: Assets/Kevin Iglesias/Human Animations/Unity Demo Scenes/Human Spellcasting Animations/Prefabs/Spells/Human_Spell_Fireball.prefab
  artifactKey: Guid(5aa2236667d208e41a28e0f79695320a) Importer(815301076,1909f56bfc062723c751e8b465ee728b)
Start importing Assets/Kevin Iglesias/Human Animations/Unity Demo Scenes/Human Spellcasting Animations/Prefabs/Spells/Human_Spell_Fireball.prefab using Guid(5aa2236667d208e41a28e0f79695320a) Importer(815301076,1909f56bfc062723c751e8b465ee728b) (PreviewImporter) -> (artifact id: '2f1cc5c58259298fc5db5b9d6919b4c9') in 0.0493261 seconds
Number of updated asset objects reloaded before import = 0Number of asset objects unloaded after import = 32

========================================================================
Received Import Request.
  Time since last request: 0.000026 seconds.
  path: Assets/Kevin Iglesias/Human Animations/Unity Demo Scenes/Human Spellcasting Animations/Prefabs/Spells/Human_Spell_LightningStrike.prefab
  artifactKey: Guid(99c92a1b2b2906945bf3b9abc6590151) Importer(815301076,1909f56bfc062723c751e8b465ee728b)
Start importing Assets/Kevin Iglesias/Human Animations/Unity Demo Scenes/Human Spellcasting Animations/Prefabs/Spells/Human_Spell_LightningStrike.prefab using Guid(99c92a1b2b2906945bf3b9abc6590151) Importer(815301076,1909f56bfc062723c751e8b465ee728b) (PreviewImporter) -> (artifact id: '71d64f76420f5465ad1dc3b15c61a8b4') in 0.0410545 seconds
Number of updated asset objects reloaded before import = 0Number of asset objects unloaded after import = 42

========================================================================
Received Import Request.
  Time since last request: 0.000027 seconds.
  path: Assets/Kevin Iglesias/Human Animations/Unity Demo Scenes/Human Spellcasting Animations/Prefabs/Spells/Human_SpellAura_Heal.prefab
  artifactKey: Guid(aa77297fca95b7346a94d76cf84fe635) Importer(815301076,1909f56bfc062723c751e8b465ee728b)
Start importing Assets/Kevin Iglesias/Human Animations/Unity Demo Scenes/Human Spellcasting Animations/Prefabs/Spells/Human_SpellAura_Heal.prefab using Guid(aa77297fca95b7346a94d76cf84fe635) Importer(815301076,1909f56bfc062723c751e8b465ee728b) (PreviewImporter) -> (artifact id: '1dcdd82ebc43fa24702fea4cd1aa69e9') in 0.00897 seconds
Number of updated asset objects reloaded before import = 0Number of asset objects unloaded after import = 8

========================================================================
Received Import Request.
  Time since last request: 0.000026 seconds.
  path: Assets/Kevin Iglesias/Human Animations/Unity Demo Scenes/Human Spellcasting Animations/Prefabs/Spells/Human_Spell_Ice.prefab
  artifactKey: Guid(ca9ff8d9a7cfbd24a9968357a2fb9b59) Importer(815301076,1909f56bfc062723c751e8b465ee728b)
Start importing Assets/Kevin Iglesias/Human Animations/Unity Demo Scenes/Human Spellcasting Animations/Prefabs/Spells/Human_Spell_Ice.prefab using Guid(ca9ff8d9a7cfbd24a9968357a2fb9b59) Importer(815301076,1909f56bfc062723c751e8b465ee728b) (PreviewImporter) -> (artifact id: '346cfdf1d8a4d652b4c63199dac63ac6') in 0.0428664 seconds
Number of updated asset objects reloaded before import = 0Number of asset objects unloaded after import = 68

========================================================================
Received Import Request.
  Time since last request: 25.230207 seconds.
  path: Assets/Kevin Iglesias/Human Animations/Unity Demo Scenes/Human Melee Animations/AnimatorControllers/Female/2H/HumanF@Combat Movement - 2H.overrideController
  artifactKey: Guid(ea1e881da3cbb6649991e09be0a94054) Importer(815301076,1909f56bfc062723c751e8b465ee728b)
Start importing Assets/Kevin Iglesias/Human Animations/Unity Demo Scenes/Human Melee Animations/AnimatorControllers/Female/2H/HumanF@Combat Movement - 2H.overrideController using Guid(ea1e881da3cbb6649991e09be0a94054) Importer(815301076,1909f56bfc062723c751e8b465ee728b) (PreviewImporter) -> (artifact id: 'f28bcf913b427b56cb735ac7eb497b8c') in 0.0089582 seconds
Number of updated asset objects reloaded before import = 0Number of asset objects unloaded after import = 35

========================================================================
Received Import Request.
  Time since last request: 329.089105 seconds.
  path: Assets/Kevin Iglesias/Human Animations/Animations/Male/Movement/Jump/HumanM@Jump01.fbx
  artifactKey: Guid(2035f8d45874b4e47a2c15ea2fa026fb) Importer(815301076,1909f56bfc062723c751e8b465ee728b)
Start importing Assets/Kevin Iglesias/Human Animations/Animations/Male/Movement/Jump/HumanM@Jump01.fbx using Guid(2035f8d45874b4e47a2c15ea2fa026fb) Importer(815301076,1909f56bfc062723c751e8b465ee728b) (PreviewImporter) -> (artifact id: '9652f72837099cb934efd43965461237') in 0.0038239 seconds
Number of updated asset objects reloaded before import = 0Number of asset objects unloaded after import = 119

========================================================================
Received Import Request.
  Time since last request: 0.000031 seconds.
  path: Assets/Kevin Iglesias/Human Animations/Animations/Male/Movement/Jump/HumanM@Jump01 [RM].fbx
  artifactKey: Guid(c337eaab751341e43ac0ba1c83ead291) Importer(815301076,1909f56bfc062723c751e8b465ee728b)
Start importing Assets/Kevin Iglesias/Human Animations/Animations/Male/Movement/Jump/HumanM@Jump01 [RM].fbx using Guid(c337eaab751341e43ac0ba1c83ead291) Importer(815301076,1909f56bfc062723c751e8b465ee728b) (PreviewImporter) -> (artifact id: '181ea2a15871d9bb1c6ee4ad9f72141a') in 0.003489 seconds
Number of updated asset objects reloaded before import = 0Number of asset objects unloaded after import = 119

========================================================================
Received Import Request.
  Time since last request: 0.000036 seconds.
  path: Assets/Kevin Iglesias/Human Animations/Animations/Male/Movement/Jump/HumanM@Jump01 - Land.fbx
  artifactKey: Guid(c969c57136eab8b48b882fdc45e975c4) Importer(815301076,1909f56bfc062723c751e8b465ee728b)
Start importing Assets/Kevin Iglesias/Human Animations/Animations/Male/Movement/Jump/HumanM@Jump01 - Land.fbx using Guid(c969c57136eab8b48b882fdc45e975c4) Importer(815301076,1909f56bfc062723c751e8b465ee728b) (PreviewImporter) -> (artifact id: 'd0f15ab27f8249d4ae83ac27a770e173') in 0.0029434 seconds
Number of updated asset objects reloaded before import = 0Number of asset objects unloaded after import = 119

========================================================================
Received Import Request.
  Time since last request: 0.000019 seconds.
  path: Assets/Kevin Iglesias/Human Animations/Animations/Male/Movement/Jump/HumanM@Jump01 - Begin.fbx
  artifactKey: Guid(b1844fbe628f5bf4ab29e6c68912a708) Importer(815301076,1909f56bfc062723c751e8b465ee728b)
Start importing Assets/Kevin Iglesias/Human Animations/Animations/Male/Movement/Jump/HumanM@Jump01 - Begin.fbx using Guid(b1844fbe628f5bf4ab29e6c68912a708) Importer(815301076,1909f56bfc062723c751e8b465ee728b) (PreviewImporter) -> (artifact id: '5e0db1023455da7e519ad3d97d7d2185') in 0.002872 seconds
Number of updated asset objects reloaded before import = 0Number of asset objects unloaded after import = 119

========================================================================
Received Import Request.
  Time since last request: 3.472247 seconds.
  path: Assets/Kevin Iglesias/Human Animations/Animations/Male/Movement/Turn/HumanM@Turn01_Left [RM].fbx
  artifactKey: Guid(74a8e870fd625914099b99d4caa5bf0b) Importer(815301076,1909f56bfc062723c751e8b465ee728b)
Start importing Assets/Kevin Iglesias/Human Animations/Animations/Male/Movement/Turn/HumanM@Turn01_Left [RM].fbx using Guid(74a8e870fd625914099b99d4caa5bf0b) Importer(815301076,1909f56bfc062723c751e8b465ee728b) (PreviewImporter) -> (artifact id: '7d36f7930863c1ec8e41d9577c08ab88') in 0.0032726 seconds
Number of updated asset objects reloaded before import = 0Number of asset objects unloaded after import = 119

========================================================================
Received Import Request.
  Time since last request: 14.703378 seconds.
  path: Assets/Kevin Iglesias/Human Animations/Animations/Male/Movement/Sprint/HumanM@Sprint01_ForwardLeft.fbx
  artifactKey: Guid(f1c72df816110fc4394d0e781c72bc31) Importer(815301076,1909f56bfc062723c751e8b465ee728b)
Start importing Assets/Kevin Iglesias/Human Animations/Animations/Male/Movement/Sprint/HumanM@Sprint01_ForwardLeft.fbx using Guid(f1c72df816110fc4394d0e781c72bc31) Importer(815301076,1909f56bfc062723c751e8b465ee728b) (PreviewImporter) -> (artifact id: 'f0dfec0a2c67c2e2e4fd1ca624b5ff30') in 0.0039885 seconds
Number of updated asset objects reloaded before import = 0Number of asset objects unloaded after import = 119

========================================================================
Received Import Request.
  Time since last request: 3.381176 seconds.
  path: Assets/Kevin Iglesias/Human Animations/Animations/Male/Movement/Run/HumanM@Run01_BackwardLeft.fbx
  artifactKey: Guid(02fe127be7c987640bef36b78efaf2cf) Importer(815301076,1909f56bfc062723c751e8b465ee728b)
Start importing Assets/Kevin Iglesias/Human Animations/Animations/Male/Movement/Run/HumanM@Run01_BackwardLeft.fbx using Guid(02fe127be7c987640bef36b78efaf2cf) Importer(815301076,1909f56bfc062723c751e8b465ee728b) (PreviewImporter) -> (artifact id: 'bf64c04aabc3f3356f2b4094f1a155c4') in 0.0035663 seconds
Number of updated asset objects reloaded before import = 0Number of asset objects unloaded after import = 119

========================================================================
Received Import Request.
  Time since last request: 0.000021 seconds.
  path: Assets/Kevin Iglesias/Human Animations/Animations/Male/Movement/Run/HumanM@Run01_Right.fbx
  artifactKey: Guid(846fff649819bcf49b933d00ef6f703f) Importer(815301076,1909f56bfc062723c751e8b465ee728b)
Start importing Assets/Kevin Iglesias/Human Animations/Animations/Male/Movement/Run/HumanM@Run01_Right.fbx using Guid(846fff649819bcf49b933d00ef6f703f) Importer(815301076,1909f56bfc062723c751e8b465ee728b) (PreviewImporter) -> (artifact id: '62eeb1be942fc35efe4654906c8065b0') in 0.0037896 seconds
Number of updated asset objects reloaded before import = 0Number of asset objects unloaded after import = 119

========================================================================
Received Import Request.
  Time since last request: 43.565777 seconds.
  path: Assets/Kevin Iglesias/Human Animations/Animations/Male/Idles/HumanM@Idle01-Idle02.fbx
  artifactKey: Guid(02f82df7d301d274883b41f32dca59a0) Importer(815301076,1909f56bfc062723c751e8b465ee728b)
Start importing Assets/Kevin Iglesias/Human Animations/Animations/Male/Idles/HumanM@Idle01-Idle02.fbx using Guid(02f82df7d301d274883b41f32dca59a0) Importer(815301076,1909f56bfc062723c751e8b465ee728b) (PreviewImporter) -> (artifact id: '64e397b98a02cf94b01c835b0cc0952d') in 0.0034078 seconds
Number of updated asset objects reloaded before import = 0Number of asset objects unloaded after import = 119

========================================================================
Received Import Request.
  Time since last request: 0.000019 seconds.
  path: Assets/Kevin Iglesias/Human Animations/Animations/Male/Idles/HumanM@Idle03-Idle01.fbx
  artifactKey: Guid(c00644106bf45f14dbaa58de417fac73) Importer(815301076,1909f56bfc062723c751e8b465ee728b)
Start importing Assets/Kevin Iglesias/Human Animations/Animations/Male/Idles/HumanM@Idle03-Idle01.fbx using Guid(c00644106bf45f14dbaa58de417fac73) Importer(815301076,1909f56bfc062723c751e8b465ee728b) (PreviewImporter) -> (artifact id: '580d11d1e09a7e65ab01a392d8d346d1') in 0.0048148 seconds
Number of updated asset objects reloaded before import = 0Number of asset objects unloaded after import = 119

========================================================================
Received Import Request.
  Time since last request: 186.778017 seconds.
  path: Assets/Sword and Shield Pack (1)/HumanM_Model.fbx
  artifactKey: Guid(6294bfe25e452c840b906a9c9f9c7022) Importer(815301076,1909f56bfc062723c751e8b465ee728b)
Start importing Assets/Sword and Shield Pack (1)/HumanM_Model.fbx using Guid(6294bfe25e452c840b906a9c9f9c7022) Importer(815301076,1909f56bfc062723c751e8b465ee728b) (PreviewImporter) -> (artifact id: '72eaa2e4d09f3c10dc6558bb8aeae55a') in 0.1072375 seconds
Number of updated asset objects reloaded before import = 0Number of asset objects unloaded after import = 124

========================================================================
Received Import Request.
  Time since last request: 0.000030 seconds.
  path: Assets/Sword and Shield Pack (1)/sword and shield casting.fbx
  artifactKey: Guid(6abbf9a2e33673546ba0d61d37ed796a) Importer(815301076,1909f56bfc062723c751e8b465ee728b)
Start importing Assets/Sword and Shield Pack (1)/sword and shield casting.fbx using Guid(6abbf9a2e33673546ba0d61d37ed796a) Importer(815301076,1909f56bfc062723c751e8b465ee728b) (PreviewImporter) -> (artifact id: 'fcc2b27ad76187f93d33dff96a3905c4') in 0.0139442 seconds
Number of updated asset objects reloaded before import = 0Number of asset objects unloaded after import = 124

========================================================================
Received Import Request.
  Time since last request: 0.000029 seconds.
  path: Assets/Sword and Shield Pack (1)/sword and shield crouching (3).fbx
  artifactKey: Guid(affcd95d2900b1246b3d7e7476c7d62f) Importer(815301076,1909f56bfc062723c751e8b465ee728b)
Start importing Assets/Sword and Shield Pack (1)/sword and shield crouching (3).fbx using Guid(affcd95d2900b1246b3d7e7476c7d62f) Importer(815301076,1909f56bfc062723c751e8b465ee728b) (PreviewImporter) -> (artifact id: 'df499c02a62414a92567ceed10d70fdb') in 0.0171244 seconds
Number of updated asset objects reloaded before import = 0Number of asset objects unloaded after import = 124

========================================================================
Received Import Request.
  Time since last request: 0.000021 seconds.
  path: Assets/Sword and Shield Pack (1)/sword and shield 180 turn (2).fbx
  artifactKey: Guid(24c20f3adbed96b43bfe2f570123bf1f) Importer(815301076,1909f56bfc062723c751e8b465ee728b)
Start importing Assets/Sword and Shield Pack (1)/sword and shield 180 turn (2).fbx using Guid(24c20f3adbed96b43bfe2f570123bf1f) Importer(815301076,1909f56bfc062723c751e8b465ee728b) (PreviewImporter) -> (artifact id: 'cda325f1cc8066ba412944ea3c078b17') in 0.0139931 seconds
Number of updated asset objects reloaded before import = 0Number of asset objects unloaded after import = 124

========================================================================
Received Import Request.
  Time since last request: 0.000022 seconds.
  path: Assets/Sword and Shield Pack (1)/sword and shield 180 turn.fbx
  artifactKey: Guid(dff3874cc4018814eb924670cd66016c) Importer(815301076,1909f56bfc062723c751e8b465ee728b)
Start importing Assets/Sword and Shield Pack (1)/sword and shield 180 turn.fbx using Guid(dff3874cc4018814eb924670cd66016c) Importer(815301076,1909f56bfc062723c751e8b465ee728b) (PreviewImporter) -> (artifact id: '9d118503c2ccf0dc9e00127bcc76e939') in 0.0221616 seconds
Number of updated asset objects reloaded before import = 0Number of asset objects unloaded after import = 124

========================================================================
Received Import Request.
  Time since last request: 0.000022 seconds.
  path: Assets/Sword and Shield Pack (1)/sword and shield block (2).fbx
  artifactKey: Guid(8ee63193a591f5045aa66251a11222bf) Importer(815301076,1909f56bfc062723c751e8b465ee728b)
Start importing Assets/Sword and Shield Pack (1)/sword and shield block (2).fbx using Guid(8ee63193a591f5045aa66251a11222bf) Importer(815301076,1909f56bfc062723c751e8b465ee728b) (PreviewImporter) -> (artifact id: 'eea50bb1b6359f31ea59cbdc07f03dbd') in 0.0217384 seconds
Number of updated asset objects reloaded before import = 0Number of asset objects unloaded after import = 124

========================================================================
Received Import Request.
  Time since last request: 0.000105 seconds.
  path: Assets/Sword and Shield Pack (1)/sword and shield crouch block (2).fbx
  artifactKey: Guid(63f5cc0d79659a044ae7b98a784470ae) Importer(815301076,1909f56bfc062723c751e8b465ee728b)
Start importing Assets/Sword and Shield Pack (1)/sword and shield crouch block (2).fbx using Guid(63f5cc0d79659a044ae7b98a784470ae) Importer(815301076,1909f56bfc062723c751e8b465ee728b) (PreviewImporter) -> (artifact id: '6d1c3e37878fb3dbbd8e03fcc40f5b3a') in 0.0200977 seconds
Number of updated asset objects reloaded before import = 0Number of asset objects unloaded after import = 124

========================================================================
Received Import Request.
  Time since last request: 0.000031 seconds.
  path: Assets/Sword and Shield Pack (1)/sword and shield attack (2).fbx
  artifactKey: Guid(edd7043736bfa764b9223dc5309d6c3e) Importer(815301076,1909f56bfc062723c751e8b465ee728b)
Start importing Assets/Sword and Shield Pack (1)/sword and shield attack (2).fbx using Guid(edd7043736bfa764b9223dc5309d6c3e) Importer(815301076,1909f56bfc062723c751e8b465ee728b) (PreviewImporter) -> (artifact id: 'ede4ac155e7dac353856a9e170178854') in 0.0110468 seconds
Number of updated asset objects reloaded before import = 0Number of asset objects unloaded after import = 124

========================================================================
Received Import Request.
  Time since last request: 0.000039 seconds.
  path: Assets/Sword and Shield Pack (1)/sword and shield block.fbx
  artifactKey: Guid(70a7861af4af9f446beac2f1f8e14f43) Importer(815301076,1909f56bfc062723c751e8b465ee728b)
Start importing Assets/Sword and Shield Pack (1)/sword and shield block.fbx using Guid(70a7861af4af9f446beac2f1f8e14f43) Importer(815301076,1909f56bfc062723c751e8b465ee728b) (PreviewImporter) -> (artifact id: '638f39649e15fcd1ae447d6e157c94a1') in 0.01448 seconds
Number of updated asset objects reloaded before import = 0Number of asset objects unloaded after import = 124

========================================================================
Received Import Request.
  Time since last request: 0.000020 seconds.
  path: Assets/Sword and Shield Pack (1)/sheath sword 2.fbx
  artifactKey: Guid(e53b49b1cf7863243aac1f23be4a2d30) Importer(815301076,1909f56bfc062723c751e8b465ee728b)
Start importing Assets/Sword and Shield Pack (1)/sheath sword 2.fbx using Guid(e53b49b1cf7863243aac1f23be4a2d30) Importer(815301076,1909f56bfc062723c751e8b465ee728b) (PreviewImporter) -> (artifact id: '6e0cdb462c08ec337623fe24d520e690') in 0.0118471 seconds
Number of updated asset objects reloaded before import = 0Number of asset objects unloaded after import = 124

========================================================================
Received Import Request.
  Time since last request: 0.000020 seconds.
  path: Assets/Sword and Shield Pack (1)/sword and shield casting (2).fbx
  artifactKey: Guid(be8efb2edec726c4cbfbd1e2fc9a01da) Importer(815301076,1909f56bfc062723c751e8b465ee728b)
Start importing Assets/Sword and Shield Pack (1)/sword and shield casting (2).fbx using Guid(be8efb2edec726c4cbfbd1e2fc9a01da) Importer(815301076,1909f56bfc062723c751e8b465ee728b) (PreviewImporter) -> (artifact id: 'e06df1f0a5bef6cc4d602cefec49204e') in 0.0117557 seconds
Number of updated asset objects reloaded before import = 0Number of asset objects unloaded after import = 124

========================================================================
Received Import Request.
  Time since last request: 0.000022 seconds.
  path: Assets/Sword and Shield Pack (1)/sword and shield death.fbx
  artifactKey: Guid(cba57e4a01a989843a43068cae44489f) Importer(815301076,1909f56bfc062723c751e8b465ee728b)
Start importing Assets/Sword and Shield Pack (1)/sword and shield death.fbx using Guid(cba57e4a01a989843a43068cae44489f) Importer(815301076,1909f56bfc062723c751e8b465ee728b) (PreviewImporter) -> (artifact id: '214997cd7e79986fc5a74100da27ac27') in 0.0116154 seconds
Number of updated asset objects reloaded before import = 0Number of asset objects unloaded after import = 124

========================================================================
Received Import Request.
  Time since last request: 0.000029 seconds.
  path: Assets/Sword and Shield Pack (1)/sword and shield death (2).fbx
  artifactKey: Guid(876384cb030a23f4b9cea6d78f3092d9) Importer(815301076,1909f56bfc062723c751e8b465ee728b)
Start importing Assets/Sword and Shield Pack (1)/sword and shield death (2).fbx using Guid(876384cb030a23f4b9cea6d78f3092d9) Importer(815301076,1909f56bfc062723c751e8b465ee728b) (PreviewImporter) -> (artifact id: '60518eddb1a4701eb796f608cbeab35b') in 0.0120325 seconds
Number of updated asset objects reloaded before import = 0Number of asset objects unloaded after import = 124

========================================================================
Received Import Request.
  Time since last request: 0.000028 seconds.
  path: Assets/Sword and Shield Pack (1)/sword and shield attack (4).fbx
  artifactKey: Guid(e191bf8e247e2954eaf7a19787484611) Importer(815301076,1909f56bfc062723c751e8b465ee728b)
Start importing Assets/Sword and Shield Pack (1)/sword and shield attack (4).fbx using Guid(e191bf8e247e2954eaf7a19787484611) Importer(815301076,1909f56bfc062723c751e8b465ee728b) (PreviewImporter) -> (artifact id: '31d9d6dff44abe0282a2189a78ff5d17') in 0.015179 seconds
Number of updated asset objects reloaded before import = 0Number of asset objects unloaded after import = 124

========================================================================
Received Import Request.
  Time since last request: 0.000068 seconds.
  path: Assets/Sword and Shield Pack (1)/sword and shield idle (2).fbx
  artifactKey: Guid(aa2afb57871f9b3448c28a5784f17b30) Importer(815301076,1909f56bfc062723c751e8b465ee728b)
Start importing Assets/Sword and Shield Pack (1)/sword and shield idle (2).fbx using Guid(aa2afb57871f9b3448c28a5784f17b30) Importer(815301076,1909f56bfc062723c751e8b465ee728b) (PreviewImporter) -> (artifact id: '228f473b9ba407a7e19be6d49db6252a') in 0.0113015 seconds
Number of updated asset objects reloaded before import = 0Number of asset objects unloaded after import = 124

========================================================================
Received Import Request.
  Time since last request: 0.000022 seconds.
  path: Assets/Sword and Shield Pack (1)/sword and shield idle (3).fbx
  artifactKey: Guid(7184f36611af2eb49bb4b0236fabe0f4) Importer(815301076,1909f56bfc062723c751e8b465ee728b)
Start importing Assets/Sword and Shield Pack (1)/sword and shield idle (3).fbx using Guid(7184f36611af2eb49bb4b0236fabe0f4) Importer(815301076,1909f56bfc062723c751e8b465ee728b) (PreviewImporter) -> (artifact id: '10569bd14a178cb810b5791516a36ecb') in 0.0135755 seconds
Number of updated asset objects reloaded before import = 0Number of asset objects unloaded after import = 124

========================================================================
Received Import Request.
  Time since last request: 0.000022 seconds.
  path: Assets/Sword and Shield Pack (1)/sword and shield impact.fbx
  artifactKey: Guid(66508af3d007cce4fb8e26342f980eee) Importer(815301076,1909f56bfc062723c751e8b465ee728b)
Start importing Assets/Sword and Shield Pack (1)/sword and shield impact.fbx using Guid(66508af3d007cce4fb8e26342f980eee) Importer(815301076,1909f56bfc062723c751e8b465ee728b) (PreviewImporter) -> (artifact id: '08d8e91786a16f7fd45abe2ba3eb4ef1') in 0.0122209 seconds
Number of updated asset objects reloaded before import = 0Number of asset objects unloaded after import = 124

========================================================================
Received Import Request.
  Time since last request: 0.000033 seconds.
  path: Assets/Sword and Shield Pack (1)/sword and shield crouch block idle.fbx
  artifactKey: Guid(cc7ed936a7502cf40823f059d4a41390) Importer(815301076,1909f56bfc062723c751e8b465ee728b)
Start importing Assets/Sword and Shield Pack (1)/sword and shield crouch block idle.fbx using Guid(cc7ed936a7502cf40823f059d4a41390) Importer(815301076,1909f56bfc062723c751e8b465ee728b) (PreviewImporter) -> (artifact id: '7e63f8096c2d5b849582c76d24978bd6') in 0.014964 seconds
Number of updated asset objects reloaded before import = 0Number of asset objects unloaded after import = 124

========================================================================
Received Import Request.
  Time since last request: 3.544279 seconds.
  path: Assets/Sword and Shield Pack (1)/sword and shield jump.fbx
  artifactKey: Guid(32200fbf5fe86ad479e7dc00738031a4) Importer(815301076,1909f56bfc062723c751e8b465ee728b)
Start importing Assets/Sword and Shield Pack (1)/sword and shield jump.fbx using Guid(32200fbf5fe86ad479e7dc00738031a4) Importer(815301076,1909f56bfc062723c751e8b465ee728b) (PreviewImporter) -> (artifact id: 'ed30098fce867bacb0dd6ad01747482e') in 0.0228457 seconds
Number of updated asset objects reloaded before import = 0Number of asset objects unloaded after import = 124

========================================================================
Received Import Request.
  Time since last request: 0.000024 seconds.
  path: Assets/Sword and Shield Pack (1)/sword and shield slash.fbx
  artifactKey: Guid(8c3ed2d66ca017f4eae2787ed24f623f) Importer(815301076,1909f56bfc062723c751e8b465ee728b)
Start importing Assets/Sword and Shield Pack (1)/sword and shield slash.fbx using Guid(8c3ed2d66ca017f4eae2787ed24f623f) Importer(815301076,1909f56bfc062723c751e8b465ee728b) (PreviewImporter) -> (artifact id: '05e4c64494bec1db86967fd525101049') in 0.0130796 seconds
Number of updated asset objects reloaded before import = 0Number of asset objects unloaded after import = 124

========================================================================
Received Import Request.
  Time since last request: 0.000030 seconds.
  path: Assets/Sword and Shield Pack (1)/sword and shield run.fbx
  artifactKey: Guid(a6a3bb994a6dccf469f89fb64ac54ed9) Importer(815301076,1909f56bfc062723c751e8b465ee728b)
Start importing Assets/Sword and Shield Pack (1)/sword and shield run.fbx using Guid(a6a3bb994a6dccf469f89fb64ac54ed9) Importer(815301076,1909f56bfc062723c751e8b465ee728b) (PreviewImporter) -> (artifact id: 'db0c8d8c911f316a48b91de91073e982') in 0.0125266 seconds
Number of updated asset objects reloaded before import = 0Number of asset objects unloaded after import = 124

========================================================================
Received Import Request.
  Time since last request: 0.000025 seconds.
  path: Assets/Sword and Shield Pack (1)/sword and shield power up.fbx
  artifactKey: Guid(407142047d5985b409689e7e7623dec9) Importer(815301076,1909f56bfc062723c751e8b465ee728b)
Start importing Assets/Sword and Shield Pack (1)/sword and shield power up.fbx using Guid(407142047d5985b409689e7e7623dec9) Importer(815301076,1909f56bfc062723c751e8b465ee728b) (PreviewImporter) -> (artifact id: '344a8337027f4dd04f337f914ddc1517') in 0.0140609 seconds
Number of updated asset objects reloaded before import = 0Number of asset objects unloaded after import = 124

========================================================================
Received Import Request.
  Time since last request: 0.000026 seconds.
  path: Assets/Sword and Shield Pack (1)/sword and shield slash (2).fbx
  artifactKey: Guid(f541f410962e978478a738cba3790c80) Importer(815301076,1909f56bfc062723c751e8b465ee728b)
Start importing Assets/Sword and Shield Pack (1)/sword and shield slash (2).fbx using Guid(f541f410962e978478a738cba3790c80) Importer(815301076,1909f56bfc062723c751e8b465ee728b) (PreviewImporter) -> (artifact id: 'e94f9b854860e21c521df51b40a58365') in 0.0158037 seconds
Number of updated asset objects reloaded before import = 0Number of asset objects unloaded after import = 124

========================================================================
Received Import Request.
  Time since last request: 0.000020 seconds.
  path: Assets/Sword and Shield Pack (1)/sword and shield walk.fbx
  artifactKey: Guid(aa838984d0a00894798d289ba28a998a) Importer(815301076,1909f56bfc062723c751e8b465ee728b)
Start importing Assets/Sword and Shield Pack (1)/sword and shield walk.fbx using Guid(aa838984d0a00894798d289ba28a998a) Importer(815301076,1909f56bfc062723c751e8b465ee728b) (PreviewImporter) -> (artifact id: '2393b0a531f8b1c31c4876049c61a6aa') in 0.0115751 seconds
Number of updated asset objects reloaded before import = 0Number of asset objects unloaded after import = 124

========================================================================
Received Import Request.
  Time since last request: 0.000033 seconds.
  path: Assets/Sword and Shield Pack (1)/sword and shield strafe (4).fbx
  artifactKey: Guid(3cc7baea3dcb49e44b9a0d23c5f2c5d0) Importer(815301076,1909f56bfc062723c751e8b465ee728b)
Start importing Assets/Sword and Shield Pack (1)/sword and shield strafe (4).fbx using Guid(3cc7baea3dcb49e44b9a0d23c5f2c5d0) Importer(815301076,1909f56bfc062723c751e8b465ee728b) (PreviewImporter) -> (artifact id: 'f9e58db1c391bc65cb40077508d58583') in 0.0145121 seconds
Number of updated asset objects reloaded before import = 0Number of asset objects unloaded after import = 124

========================================================================
Received Import Request.
  Time since last request: 0.000036 seconds.
  path: Assets/Sword and Shield Pack (1)/sword and shield walk (2).fbx
  artifactKey: Guid(7747638e4b029ac4ba4bc064a18cb885) Importer(815301076,1909f56bfc062723c751e8b465ee728b)
Start importing Assets/Sword and Shield Pack (1)/sword and shield walk (2).fbx using Guid(7747638e4b029ac4ba4bc064a18cb885) Importer(815301076,1909f56bfc062723c751e8b465ee728b) (PreviewImporter) -> (artifact id: 'bad7c8a8ebf5fc50e452d76821fc9620') in 0.011832 seconds
Number of updated asset objects reloaded before import = 0Number of asset objects unloaded after import = 124

========================================================================
Received Import Request.
  Time since last request: 0.000020 seconds.
  path: Assets/Sword and Shield Pack (1)/sword and shield strafe.fbx
  artifactKey: Guid(81f88ee16924ace4987c561c46e769f8) Importer(815301076,1909f56bfc062723c751e8b465ee728b)
Start importing Assets/Sword and Shield Pack (1)/sword and shield strafe.fbx using Guid(81f88ee16924ace4987c561c46e769f8) Importer(815301076,1909f56bfc062723c751e8b465ee728b) (PreviewImporter) -> (artifact id: 'b7f34df06147ae76dc6057c180dd201c') in 0.0164533 seconds
Number of updated asset objects reloaded before import = 0Number of asset objects unloaded after import = 124

========================================================================
Received Import Request.
  Time since last request: 0.000022 seconds.
  path: Assets/Sword and Shield Pack (1)/sword and shield strafe (2).fbx
  artifactKey: Guid(33543a2c75ccfcb409144697654ca49c) Importer(815301076,1909f56bfc062723c751e8b465ee728b)
Start importing Assets/Sword and Shield Pack (1)/sword and shield strafe (2).fbx using Guid(33543a2c75ccfcb409144697654ca49c) Importer(815301076,1909f56bfc062723c751e8b465ee728b) (PreviewImporter) -> (artifact id: '47bfc8b9a263d59f881cfd372bb75eb6') in 0.0113526 seconds
Number of updated asset objects reloaded before import = 0Number of asset objects unloaded after import = 124

========================================================================
Received Import Request.
  Time since last request: 32.196079 seconds.
  path: Assets/Sword and Shield Pack (1)/sword and shield slash.fbx
  artifactKey: Guid(8c3ed2d66ca017f4eae2787ed24f623f) Importer(815301076,1909f56bfc062723c751e8b465ee728b)
Start importing Assets/Sword and Shield Pack (1)/sword and shield slash.fbx using Guid(8c3ed2d66ca017f4eae2787ed24f623f) Importer(815301076,1909f56bfc062723c751e8b465ee728b) (PreviewImporter) -> (artifact id: '39f52d4f50192fae6e11062aa285ad76') in 0.0164322 seconds
Number of updated asset objects reloaded before import = 0Number of asset objects unloaded after import = 126

========================================================================
Received Import Request.
  Time since last request: 0.000024 seconds.
  path: Assets/Sword and Shield Pack (1)/sword and shield slash (4).fbx
  artifactKey: Guid(8a4d31c3d60c53e4691d1e2909719a19) Importer(815301076,1909f56bfc062723c751e8b465ee728b)
Start importing Assets/Sword and Shield Pack (1)/sword and shield slash (4).fbx using Guid(8a4d31c3d60c53e4691d1e2909719a19) Importer(815301076,1909f56bfc062723c751e8b465ee728b) (PreviewImporter) -> (artifact id: '5317c26b285765fdff226b8b350b1559') in 0.0197052 seconds
Number of updated asset objects reloaded before import = 0Number of asset objects unloaded after import = 126

========================================================================
Received Import Request.
  Time since last request: 0.000030 seconds.
  path: Assets/Sword and Shield Pack (1)/sword and shield strafe (3).fbx
  artifactKey: Guid(c393e8c2a3009e646835f62400e83b32) Importer(815301076,1909f56bfc062723c751e8b465ee728b)
Start importing Assets/Sword and Shield Pack (1)/sword and shield strafe (3).fbx using Guid(c393e8c2a3009e646835f62400e83b32) Importer(815301076,1909f56bfc062723c751e8b465ee728b) (PreviewImporter) -> (artifact id: '94f04ee24fdcce0eb563f05f4a5320b5') in 0.0171972 seconds
Number of updated asset objects reloaded before import = 0Number of asset objects unloaded after import = 126

========================================================================
Received Import Request.
  Time since last request: 0.000021 seconds.
  path: Assets/Sword and Shield Pack (1)/sword and shield strafe.fbx
  artifactKey: Guid(81f88ee16924ace4987c561c46e769f8) Importer(815301076,1909f56bfc062723c751e8b465ee728b)
Start importing Assets/Sword and Shield Pack (1)/sword and shield strafe.fbx using Guid(81f88ee16924ace4987c561c46e769f8) Importer(815301076,1909f56bfc062723c751e8b465ee728b) (PreviewImporter) -> (artifact id: '7e225af3fb81b5d25a762c13d339e679') in 0.0121681 seconds
Number of updated asset objects reloaded before import = 0Number of asset objects unloaded after import = 126

========================================================================
Received Import Request.
  Time since last request: 0.744209 seconds.
  path: Assets/Sword and Shield Pack (1)/sword and shield impact (3).fbx
  artifactKey: Guid(1dd0aeaa541471f4bb501d64d7468462) Importer(815301076,1909f56bfc062723c751e8b465ee728b)
Start importing Assets/Sword and Shield Pack (1)/sword and shield impact (3).fbx using Guid(1dd0aeaa541471f4bb501d64d7468462) Importer(815301076,1909f56bfc062723c751e8b465ee728b) (PreviewImporter) -> (artifact id: '229a4c822afc078ba328dc0dfc9a6e21') in 0.0235194 seconds
Number of updated asset objects reloaded before import = 0Number of asset objects unloaded after import = 126

========================================================================
Received Import Request.
  Time since last request: 0.000020 seconds.
  path: Assets/Sword and Shield Pack (1)/sword and shield crouching (3).fbx
  artifactKey: Guid(affcd95d2900b1246b3d7e7476c7d62f) Importer(815301076,1909f56bfc062723c751e8b465ee728b)
Start importing Assets/Sword and Shield Pack (1)/sword and shield crouching (3).fbx using Guid(affcd95d2900b1246b3d7e7476c7d62f) Importer(815301076,1909f56bfc062723c751e8b465ee728b) (PreviewImporter) -> (artifact id: '988655c7a05f3471060193e34d467d87') in 0.0158685 seconds
Number of updated asset objects reloaded before import = 0Number of asset objects unloaded after import = 126

========================================================================
Received Import Request.
  Time since last request: 0.000018 seconds.
  path: Assets/Sword and Shield Pack (1)/sword and shield crouch block (2).fbx
  artifactKey: Guid(63f5cc0d79659a044ae7b98a784470ae) Importer(815301076,1909f56bfc062723c751e8b465ee728b)
Start importing Assets/Sword and Shield Pack (1)/sword and shield crouch block (2).fbx using Guid(63f5cc0d79659a044ae7b98a784470ae) Importer(815301076,1909f56bfc062723c751e8b465ee728b) (PreviewImporter) -> (artifact id: '8c2fa6941b504c9aed615b2ec35b908c') in 0.0136371 seconds
Number of updated asset objects reloaded before import = 0Number of asset objects unloaded after import = 126

========================================================================
Received Import Request.
  Time since last request: 0.000023 seconds.
  path: Assets/Sword and Shield Pack (1)/sword and shield kick.fbx
  artifactKey: Guid(3207c7180f7490c499c061bd2cc0e71f) Importer(815301076,1909f56bfc062723c751e8b465ee728b)
Start importing Assets/Sword and Shield Pack (1)/sword and shield kick.fbx using Guid(3207c7180f7490c499c061bd2cc0e71f) Importer(815301076,1909f56bfc062723c751e8b465ee728b) (PreviewImporter) -> (artifact id: 'e557397e29e1647a1607779ad89e4e84') in 0.0122357 seconds
Number of updated asset objects reloaded before import = 0Number of asset objects unloaded after import = 126

========================================================================
Received Import Request.
  Time since last request: 0.000027 seconds.
  path: Assets/Sword and Shield Pack (1)/sword and shield power up.fbx
  artifactKey: Guid(407142047d5985b409689e7e7623dec9) Importer(815301076,1909f56bfc062723c751e8b465ee728b)
Start importing Assets/Sword and Shield Pack (1)/sword and shield power up.fbx using Guid(407142047d5985b409689e7e7623dec9) Importer(815301076,1909f56bfc062723c751e8b465ee728b) (PreviewImporter) -> (artifact id: 'c3258a770dd2c911b0a73415a554b971') in 0.0134648 seconds
Number of updated asset objects reloaded before import = 0Number of asset objects unloaded after import = 126

========================================================================
Received Import Request.
  Time since last request: 0.020053 seconds.
  path: Assets/Sword and Shield Pack (1)/sheath sword 2.fbx
  artifactKey: Guid(e53b49b1cf7863243aac1f23be4a2d30) Importer(815301076,1909f56bfc062723c751e8b465ee728b)
Start importing Assets/Sword and Shield Pack (1)/sheath sword 2.fbx using Guid(e53b49b1cf7863243aac1f23be4a2d30) Importer(815301076,1909f56bfc062723c751e8b465ee728b) (PreviewImporter) -> (artifact id: '558ddcecaa502f7758bda7a206d24f3e') in 0.0122903 seconds
Number of updated asset objects reloaded before import = 0Number of asset objects unloaded after import = 126

========================================================================
Received Import Request.
  Time since last request: 0.000022 seconds.
  path: Assets/Sword and Shield Pack (1)/sword and shield casting.fbx
  artifactKey: Guid(6abbf9a2e33673546ba0d61d37ed796a) Importer(815301076,1909f56bfc062723c751e8b465ee728b)
Start importing Assets/Sword and Shield Pack (1)/sword and shield casting.fbx using Guid(6abbf9a2e33673546ba0d61d37ed796a) Importer(815301076,1909f56bfc062723c751e8b465ee728b) (PreviewImporter) -> (artifact id: '63d88388ed1d1505507f016080a10d32') in 0.0184343 seconds
Number of updated asset objects reloaded before import = 0Number of asset objects unloaded after import = 126

========================================================================
Received Import Request.
  Time since last request: 0.000019 seconds.
  path: Assets/Sword and Shield Pack (1)/sword and shield attack (2).fbx
  artifactKey: Guid(edd7043736bfa764b9223dc5309d6c3e) Importer(815301076,1909f56bfc062723c751e8b465ee728b)
Start importing Assets/Sword and Shield Pack (1)/sword and shield attack (2).fbx using Guid(edd7043736bfa764b9223dc5309d6c3e) Importer(815301076,1909f56bfc062723c751e8b465ee728b) (PreviewImporter) -> (artifact id: 'e98c7989b3aa4d7d72da29e99b94042a') in 0.010944 seconds
Number of updated asset objects reloaded before import = 0Number of asset objects unloaded after import = 126

========================================================================
Received Import Request.
  Time since last request: 0.000019 seconds.
  path: Assets/Sword and Shield Pack (1)/sword and shield attack (3).fbx
  artifactKey: Guid(4ba3f84911194d947b224eca53b90db5) Importer(815301076,1909f56bfc062723c751e8b465ee728b)
Start importing Assets/Sword and Shield Pack (1)/sword and shield attack (3).fbx using Guid(4ba3f84911194d947b224eca53b90db5) Importer(815301076,1909f56bfc062723c751e8b465ee728b) (PreviewImporter) -> (artifact id: 'a209bd6d0b3eec0d0fe5bbb9b4532136') in 0.0125027 seconds
Number of updated asset objects reloaded before import = 0Number of asset objects unloaded after import = 126

