Using pre-set license
Built from '6000.0/staging' branch; Version is '6000.0.50f1 (f1ef1dca8bff) revision 15855389'; Using compiler version '193933523'; Build Type 'Release'
OS: 'Windows 11  (10.0.26100) 64bit Core' Language: 'en' Physical Memory: 32682 MB
BatchMode: 1, IsHumanControllingUs: 0, StartBugReporterOnCrash: 0, Is64bit: 1
Date: 2025-08-18T13:18:28Z

COMMAND LINE ARGUMENTS:
C:\Program Files\Unity\Hub\Editor\6000.0.50f1\Editor\Unity.exe
-adb2
-batchMode
-noUpm
-name
AssetImportWorker10
-projectPath
C:/GitHub/WyrmsWake/WyrmsWake
-logFile
Logs/AssetImportWorker10.log
-srvPort
64976
-job-worker-count
7
-background-job-worker-count
8
-gc-helper-count
1
Successfully changed project path to: C:/GitHub/WyrmsWake/WyrmsWake
C:/GitHub/WyrmsWake/WyrmsWake
[UnityMemory] Configuration Parameters - Can be set up in boot.config
    "memorysetup-bucket-allocator-granularity=16"
    "memorysetup-bucket-allocator-bucket-count=8"
    "memorysetup-bucket-allocator-block-size=33554432"
    "memorysetup-bucket-allocator-block-count=8"
    "memorysetup-main-allocator-block-size=16777216"
    "memorysetup-thread-allocator-block-size=16777216"
    "memorysetup-gfx-main-allocator-block-size=16777216"
    "memorysetup-gfx-thread-allocator-block-size=16777216"
    "memorysetup-cache-allocator-block-size=4194304"
    "memorysetup-typetree-allocator-block-size=2097152"
    "memorysetup-profiler-bucket-allocator-granularity=16"
    "memorysetup-profiler-bucket-allocator-bucket-count=8"
    "memorysetup-profiler-bucket-allocator-block-size=33554432"
    "memorysetup-profiler-bucket-allocator-block-count=8"
    "memorysetup-profiler-allocator-block-size=16777216"
    "memorysetup-profiler-editor-allocator-block-size=1048576"
    "memorysetup-temp-allocator-size-main=16777216"
    "memorysetup-job-temp-allocator-block-size=2097152"
    "memorysetup-job-temp-allocator-block-size-background=1048576"
    "memorysetup-job-temp-allocator-reduction-small-platforms=262144"
    "memorysetup-allocator-temp-initial-block-size-main=262144"
    "memorysetup-allocator-temp-initial-block-size-worker=262144"
    "memorysetup-temp-allocator-size-background-worker=32768"
    "memorysetup-temp-allocator-size-job-worker=262144"
    "memorysetup-temp-allocator-size-preload-manager=33554432"
    "memorysetup-temp-allocator-size-nav-mesh-worker=65536"
    "memorysetup-temp-allocator-size-audio-worker=65536"
    "memorysetup-temp-allocator-size-cloud-worker=32768"
    "memorysetup-temp-allocator-size-gi-baking-worker=262144"
    "memorysetup-temp-allocator-size-gi-baking-worker=262144"
    "memorysetup-temp-allocator-size-gi-baking-worker=262144"
    "memorysetup-temp-allocator-size-gi-baking-worker=262144"
    "memorysetup-temp-allocator-size-gi-baking-worker=262144"
    "memorysetup-temp-allocator-size-gfx=262144"
Player connection [24952]  Target information:

Player connection [24952]  * "[IP] 192.168.1.165 [Port] 0 [Flags] 2 [Guid] 2732970986 [EditorId] 2732970986 [Version] 1048832 [Id] WindowsEditor(7,AQ-PC) [Debug] 1 [PackageName] WindowsEditor [ProjectName] Editor" 

Player connection [24952]  * "[IP] 10.11.11.3 [Port] 0 [Flags] 2 [Guid] 2732970986 [EditorId] 2732970986 [Version] 1048832 [Id] WindowsEditor(7,AQ-PC) [Debug] 1 [PackageName] WindowsEditor [ProjectName] Editor" 

Player connection [24952] Host joined multi-casting on [225.0.0.222:54997]...
Player connection [24952] Host joined alternative multi-casting on [225.0.0.222:34997]...
JobSystem: Creating JobQueue using job-worker-count value 7
Input System module state changed to: Initialized.
[Physics::Module] Initialized fallback backend.
[Physics::Module] Id: 0xdecafbad
Library Redirect Path: Library/
[Physics::Module] Selected backend.
[Physics::Module] Name: PhysX
[Physics::Module] Id: 0xf2b8ea05
[Physics::Module] SDK Version: 4.1.2
[Physics::Module] Integration Version: 1.0.0
[Physics::Module] Threading Mode: Multi-Threaded
Refreshing native plugins compatible for Editor in 1.39 ms, found 3 plugins.
Preloading 0 native plugins for Editor in 0.00 ms.
Initialize engine version: 6000.0.50f1 (f1ef1dca8bff)
[Subsystems] Discovering subsystems at path C:/Program Files/Unity/Hub/Editor/6000.0.50f1/Editor/Data/Resources/UnitySubsystems
[Subsystems] Discovering subsystems at path C:/GitHub/WyrmsWake/WyrmsWake/Assets
GfxDevice: creating device client; kGfxThreadingModeNonThreaded
Direct3D:
    Version:  Direct3D 11.0 [level 11.1]
    Renderer: NVIDIA GeForce RTX 4070 Ti SUPER (ID=0x2705)
    Vendor:   NVIDIA
    VRAM:     16063 MB
    Driver:   32.0.15.7688
Initialize mono
Mono path[0] = 'C:/Program Files/Unity/Hub/Editor/6000.0.50f1/Editor/Data/Managed'
Mono path[1] = 'C:/Program Files/Unity/Hub/Editor/6000.0.50f1/Editor/Data/MonoBleedingEdge/lib/mono/unityjit-win32'
Mono config path = 'C:/Program Files/Unity/Hub/Editor/6000.0.50f1/Editor/Data/MonoBleedingEdge/etc'
Using monoOptions --debugger-agent=transport=dt_socket,embedding=1,server=y,suspend=n,address=127.0.0.1:56184
Begin MonoManager ReloadAssembly
Registering precompiled unity dll's ...
Register platform support module: C:/Program Files/Unity/Hub/Editor/6000.0.50f1/Editor/Data/PlaybackEngines/WindowsStandaloneSupport/UnityEditor.WindowsStandalone.Extensions.dll
Registered in 0.002409 seconds.
- Loaded All Assemblies, in  0.376 seconds
Native extension for WindowsStandalone target not found
Mono: successfully reloaded assembly
- Finished resetting the current domain, in  0.281 seconds
Domain Reload Profiling: 655ms
	BeginReloadAssembly (150ms)
		ExecutionOrderSort (0ms)
		DisableScriptedObjects (0ms)
		BackupInstance (0ms)
		ReleaseScriptingObjects (0ms)
		CreateAndSetChildDomain (1ms)
	RebuildCommonClasses (33ms)
	RebuildNativeTypeToScriptingClass (11ms)
	initialDomainReloadingComplete (41ms)
	LoadAllAssembliesAndSetupDomain (140ms)
		LoadAssemblies (148ms)
		RebuildTransferFunctionScriptingTraits (0ms)
		AnalyzeDomain (138ms)
			TypeCache.Refresh (136ms)
				TypeCache.ScanAssembly (121ms)
			BuildScriptInfoCaches (0ms)
			ResolveRequiredComponents (1ms)
	FinalizeReload (281ms)
		ReleaseScriptCaches (0ms)
		RebuildScriptCaches (0ms)
		SetupLoadedEditorAssemblies (238ms)
			LogAssemblyErrors (0ms)
			InitializePlatformSupportModulesInManaged (18ms)
			SetLoadedEditorAssemblies (4ms)
			BeforeProcessingInitializeOnLoad (51ms)
			ProcessInitializeOnLoadAttributes (119ms)
			ProcessInitializeOnLoadMethodAttributes (46ms)
			AfterProcessingInitializeOnLoad (0ms)
			EditorAssembliesLoaded (0ms)
		ExecutionOrderSort2 (0ms)
		AwakeInstancesAfterBackupRestoration (0ms)
========================================================================
Worker process is ready to serve import requests
Import Worker Mode flag is 0x00
Begin MonoManager ReloadAssembly
- Loaded All Assemblies, in  0.626 seconds
Refreshing native plugins compatible for Editor in 0.86 ms, found 3 plugins.
Native extension for WindowsStandalone target not found
Mono: successfully reloaded assembly
- Finished resetting the current domain, in  0.633 seconds
Domain Reload Profiling: 1256ms
	BeginReloadAssembly (157ms)
		ExecutionOrderSort (0ms)
		DisableScriptedObjects (6ms)
		BackupInstance (0ms)
		ReleaseScriptingObjects (0ms)
		CreateAndSetChildDomain (26ms)
	RebuildCommonClasses (34ms)
	RebuildNativeTypeToScriptingClass (13ms)
	initialDomainReloadingComplete (32ms)
	LoadAllAssembliesAndSetupDomain (388ms)
		LoadAssemblies (282ms)
		RebuildTransferFunctionScriptingTraits (0ms)
		AnalyzeDomain (194ms)
			TypeCache.Refresh (143ms)
				TypeCache.ScanAssembly (131ms)
			BuildScriptInfoCaches (39ms)
			ResolveRequiredComponents (9ms)
	FinalizeReload (633ms)
		ReleaseScriptCaches (0ms)
		RebuildScriptCaches (0ms)
		SetupLoadedEditorAssemblies (471ms)
			LogAssemblyErrors (0ms)
			InitializePlatformSupportModulesInManaged (2ms)
			SetLoadedEditorAssemblies (3ms)
			BeforeProcessingInitializeOnLoad (98ms)
			ProcessInitializeOnLoadAttributes (319ms)
			ProcessInitializeOnLoadMethodAttributes (46ms)
			AfterProcessingInitializeOnLoad (3ms)
			EditorAssembliesLoaded (0ms)
		ExecutionOrderSort2 (0ms)
		AwakeInstancesAfterBackupRestoration (6ms)
Launched and connected shader compiler UnityShaderCompiler.exe after 0.01 seconds
Refreshing native plugins compatible for Editor in 1.78 ms, found 3 plugins.
Preloading 0 native plugins for Editor in 0.00 ms.
Unloading 218 Unused Serialized files (Serialized files now loaded: 0)
Unloading 6084 unused Assets / (6.3 MB). Loaded Objects now: 6760.
Memory consumption went from 236.7 MB to 230.4 MB.
Total: 15.826300 ms (FindLiveObjects: 1.420200 ms CreateObjectMapping: 1.324300 ms MarkObjects: 8.370900 ms  DeleteObjects: 4.710200 ms)

========================================================================
Received Import Request.
  Time since last request: 96638.479122 seconds.
  path: Assets/Kevin Iglesias/Human Animations/Animations/Male/Movement/Turn/HumanM@Turn01_Right.fbx
  artifactKey: Guid(0e7376aa8f8f38e4fb138892f92fe2e6) Importer(815301076,1909f56bfc062723c751e8b465ee728b)
Start importing Assets/Kevin Iglesias/Human Animations/Animations/Male/Movement/Turn/HumanM@Turn01_Right.fbx using Guid(0e7376aa8f8f38e4fb138892f92fe2e6) Importer(815301076,1909f56bfc062723c751e8b465ee728b) (PreviewImporter) -> (artifact id: '325f8740b5e0ebf4a14fc1ca7d3871df') in 0.0392273 seconds
Number of updated asset objects reloaded before import = 0Number of asset objects unloaded after import = 119

========================================================================
Received Import Request.
  Time since last request: 14.674487 seconds.
  path: Assets/Kevin Iglesias/Human Animations/Animations/Male/Movement/Sprint/HumanM@Sprint01_ForwardRight.fbx
  artifactKey: Guid(776b87abc6fae6f4e82851696702435b) Importer(815301076,1909f56bfc062723c751e8b465ee728b)
Start importing Assets/Kevin Iglesias/Human Animations/Animations/Male/Movement/Sprint/HumanM@Sprint01_ForwardRight.fbx using Guid(776b87abc6fae6f4e82851696702435b) Importer(815301076,1909f56bfc062723c751e8b465ee728b) (PreviewImporter) -> (artifact id: 'c1cef547ed8e22e33906f521f754efec') in 0.0036368 seconds
Number of updated asset objects reloaded before import = 0Number of asset objects unloaded after import = 119

========================================================================
Received Import Request.
  Time since last request: 3.380093 seconds.
  path: Assets/Kevin Iglesias/Human Animations/Animations/Male/Movement/Run/HumanM@Run01_BackwardRight.fbx
  artifactKey: Guid(ca7bf50d255ff5749a3a9ff602076af8) Importer(815301076,1909f56bfc062723c751e8b465ee728b)
Start importing Assets/Kevin Iglesias/Human Animations/Animations/Male/Movement/Run/HumanM@Run01_BackwardRight.fbx using Guid(ca7bf50d255ff5749a3a9ff602076af8) Importer(815301076,1909f56bfc062723c751e8b465ee728b) (PreviewImporter) -> (artifact id: '642cfc87e8fabcd7b60d6c6d9ca226da') in 0.0033144 seconds
Number of updated asset objects reloaded before import = 0Number of asset objects unloaded after import = 119

========================================================================
Received Import Request.
  Time since last request: 0.000013 seconds.
  path: Assets/Kevin Iglesias/Human Animations/Animations/Male/Movement/Run/HumanM@Run01_ForwardRight.fbx
  artifactKey: Guid(152af2cd00aaae34e816ebb8deb4b68e) Importer(815301076,1909f56bfc062723c751e8b465ee728b)
Start importing Assets/Kevin Iglesias/Human Animations/Animations/Male/Movement/Run/HumanM@Run01_ForwardRight.fbx using Guid(152af2cd00aaae34e816ebb8deb4b68e) Importer(815301076,1909f56bfc062723c751e8b465ee728b) (PreviewImporter) -> (artifact id: '5c12219aa65495d23d65a20ddcfe220b') in 0.0034536 seconds
Number of updated asset objects reloaded before import = 0Number of asset objects unloaded after import = 119

========================================================================
Received Import Request.
  Time since last request: 43.563179 seconds.
  path: Assets/Kevin Iglesias/Human Animations/Animations/Male/Idles/HumanM@Idle01-Idle03.fbx
  artifactKey: Guid(66e11d5a352d46f46bb450930e66b86f) Importer(815301076,1909f56bfc062723c751e8b465ee728b)
Start importing Assets/Kevin Iglesias/Human Animations/Animations/Male/Idles/HumanM@Idle01-Idle03.fbx using Guid(66e11d5a352d46f46bb450930e66b86f) Importer(815301076,1909f56bfc062723c751e8b465ee728b) (PreviewImporter) -> (artifact id: '95a9bf4782aa27d3c1a8901c0acf429f') in 0.0035765 seconds
Number of updated asset objects reloaded before import = 0Number of asset objects unloaded after import = 119

========================================================================
Received Import Request.
  Time since last request: 0.000012 seconds.
  path: Assets/Kevin Iglesias/Human Animations/Animations/Male/Idles/HumanM@Idle02-Idle01.fbx
  artifactKey: Guid(e23ec565e5d40ad4d94e0af6010f22c8) Importer(815301076,1909f56bfc062723c751e8b465ee728b)
Start importing Assets/Kevin Iglesias/Human Animations/Animations/Male/Idles/HumanM@Idle02-Idle01.fbx using Guid(e23ec565e5d40ad4d94e0af6010f22c8) Importer(815301076,1909f56bfc062723c751e8b465ee728b) (PreviewImporter) -> (artifact id: 'fff62a0a5da37a92eb05373de57ea59b') in 0.0040535 seconds
Number of updated asset objects reloaded before import = 0Number of asset objects unloaded after import = 119

========================================================================
Received Import Request.
  Time since last request: 186.778058 seconds.
  path: Assets/Sword and Shield Pack (1)/sheath sword 1.fbx
  artifactKey: Guid(1d3c5bc4f17b0e040999c3e5e1add7a6) Importer(815301076,1909f56bfc062723c751e8b465ee728b)
Start importing Assets/Sword and Shield Pack (1)/sheath sword 1.fbx using Guid(1d3c5bc4f17b0e040999c3e5e1add7a6) Importer(815301076,1909f56bfc062723c751e8b465ee728b) (PreviewImporter) -> (artifact id: '94f0e0fb96b2cb7eb6ac5da060a62331') in 0.4851825 seconds
Number of updated asset objects reloaded before import = 0Number of asset objects unloaded after import = 125

========================================================================
Received Import Request.
  Time since last request: 0.000032 seconds.
  path: Assets/Sword and Shield Pack (1)/sword and shield idle.fbx
  artifactKey: Guid(e40b2970927f87644a36e967e671fe68) Importer(815301076,1909f56bfc062723c751e8b465ee728b)
Start importing Assets/Sword and Shield Pack (1)/sword and shield idle.fbx using Guid(e40b2970927f87644a36e967e671fe68) Importer(815301076,1909f56bfc062723c751e8b465ee728b) (PreviewImporter) -> (artifact id: '2c73ab5e53b9b234cb7a8d64a11e53ab') in 0.0143131 seconds
Number of updated asset objects reloaded before import = 0Number of asset objects unloaded after import = 124

========================================================================
Received Import Request.
  Time since last request: 0.000031 seconds.
  path: Assets/Sword and Shield Pack (1)/sword and shield crouch.fbx
  artifactKey: Guid(7bd1562c1165d7d42a977e739b2e4e0f) Importer(815301076,1909f56bfc062723c751e8b465ee728b)
Start importing Assets/Sword and Shield Pack (1)/sword and shield crouch.fbx using Guid(7bd1562c1165d7d42a977e739b2e4e0f) Importer(815301076,1909f56bfc062723c751e8b465ee728b) (PreviewImporter) -> (artifact id: 'dfa6acf956e4a84f81e1d66abb9c64f9') in 0.0154097 seconds
Number of updated asset objects reloaded before import = 0Number of asset objects unloaded after import = 124

========================================================================
Received Import Request.
  Time since last request: 0.000021 seconds.
  path: Assets/Sword and Shield Pack (1)/sword and shield idle (4).fbx
  artifactKey: Guid(61d52629189f0614587d4333a556b42d) Importer(815301076,1909f56bfc062723c751e8b465ee728b)
Start importing Assets/Sword and Shield Pack (1)/sword and shield idle (4).fbx using Guid(61d52629189f0614587d4333a556b42d) Importer(815301076,1909f56bfc062723c751e8b465ee728b) (PreviewImporter) -> (artifact id: '203ade423af00adddf28796fcc574518') in 0.011632 seconds
Number of updated asset objects reloaded before import = 0Number of asset objects unloaded after import = 124

========================================================================
Received Import Request.
  Time since last request: 0.000019 seconds.
  path: Assets/Sword and Shield Pack (1)/sword and shield block idle.fbx
  artifactKey: Guid(af18f33a35b86da41b33e4b2c31f6a41) Importer(815301076,1909f56bfc062723c751e8b465ee728b)
Start importing Assets/Sword and Shield Pack (1)/sword and shield block idle.fbx using Guid(af18f33a35b86da41b33e4b2c31f6a41) Importer(815301076,1909f56bfc062723c751e8b465ee728b) (PreviewImporter) -> (artifact id: '111f50fa35728a2e09f3456f64a3082f') in 0.0117188 seconds
Number of updated asset objects reloaded before import = 0Number of asset objects unloaded after import = 124

========================================================================
Received Import Request.
  Time since last request: 0.000018 seconds.
  path: Assets/Sword and Shield Pack (1)/sword and shield crouching (2).fbx
  artifactKey: Guid(f0bd9ba5946db364da54f5774a779ad9) Importer(815301076,1909f56bfc062723c751e8b465ee728b)
Start importing Assets/Sword and Shield Pack (1)/sword and shield crouching (2).fbx using Guid(f0bd9ba5946db364da54f5774a779ad9) Importer(815301076,1909f56bfc062723c751e8b465ee728b) (PreviewImporter) -> (artifact id: '22a366d883a7e6d38872e0ec959e9c65') in 0.0123561 seconds
Number of updated asset objects reloaded before import = 0Number of asset objects unloaded after import = 124

========================================================================
Received Import Request.
  Time since last request: 0.000021 seconds.
  path: Assets/Sword and Shield Pack (1)/sword and shield attack (3).fbx
  artifactKey: Guid(4ba3f84911194d947b224eca53b90db5) Importer(815301076,1909f56bfc062723c751e8b465ee728b)
Start importing Assets/Sword and Shield Pack (1)/sword and shield attack (3).fbx using Guid(4ba3f84911194d947b224eca53b90db5) Importer(815301076,1909f56bfc062723c751e8b465ee728b) (PreviewImporter) -> (artifact id: 'fb7412ad03c044fd712512491c5cf00b') in 0.0160434 seconds
Number of updated asset objects reloaded before import = 0Number of asset objects unloaded after import = 124

========================================================================
Received Import Request.
  Time since last request: 0.000074 seconds.
  path: Assets/Sword and Shield Pack (1)/sword and shield attack.fbx
  artifactKey: Guid(26ce44ed9f2ee0d499f1df7d4966db1d) Importer(815301076,1909f56bfc062723c751e8b465ee728b)
Start importing Assets/Sword and Shield Pack (1)/sword and shield attack.fbx using Guid(26ce44ed9f2ee0d499f1df7d4966db1d) Importer(815301076,1909f56bfc062723c751e8b465ee728b) (PreviewImporter) -> (artifact id: 'eb091ad23d018f0ab215cce016b01220') in 0.0148626 seconds
Number of updated asset objects reloaded before import = 0Number of asset objects unloaded after import = 124

========================================================================
Received Import Request.
  Time since last request: 0.000033 seconds.
  path: Assets/Sword and Shield Pack (1)/sword and shield crouching.fbx
  artifactKey: Guid(a1c9e3c1e9eb453479576e9d1a32508e) Importer(815301076,1909f56bfc062723c751e8b465ee728b)
Start importing Assets/Sword and Shield Pack (1)/sword and shield crouching.fbx using Guid(a1c9e3c1e9eb453479576e9d1a32508e) Importer(815301076,1909f56bfc062723c751e8b465ee728b) (PreviewImporter) -> (artifact id: 'de4b9fa378c413d5ff5d7f27145564e4') in 0.011522 seconds
Number of updated asset objects reloaded before import = 0Number of asset objects unloaded after import = 124

========================================================================
Received Import Request.
  Time since last request: 0.000020 seconds.
  path: Assets/Sword and Shield Pack (1)/sword and shield crouch idle.fbx
  artifactKey: Guid(f66ba79d3852f4241a2d47d649c14ee7) Importer(815301076,1909f56bfc062723c751e8b465ee728b)
Start importing Assets/Sword and Shield Pack (1)/sword and shield crouch idle.fbx using Guid(f66ba79d3852f4241a2d47d649c14ee7) Importer(815301076,1909f56bfc062723c751e8b465ee728b) (PreviewImporter) -> (artifact id: '5f7a0ee118e9b4b54b932b6f338b06c5') in 0.0119769 seconds
Number of updated asset objects reloaded before import = 0Number of asset objects unloaded after import = 124

========================================================================
Received Import Request.
  Time since last request: 0.000027 seconds.
  path: Assets/Sword and Shield Pack (1)/sword and shield crouch block.fbx
  artifactKey: Guid(fc3810bc14ac8ce428955cc4971ac06d) Importer(815301076,1909f56bfc062723c751e8b465ee728b)
Start importing Assets/Sword and Shield Pack (1)/sword and shield crouch block.fbx using Guid(fc3810bc14ac8ce428955cc4971ac06d) Importer(815301076,1909f56bfc062723c751e8b465ee728b) (PreviewImporter) -> (artifact id: 'bc6efdea0a5345d2a28a7b4be035351e') in 0.0128483 seconds
Number of updated asset objects reloaded before import = 0Number of asset objects unloaded after import = 124

========================================================================
Received Import Request.
  Time since last request: 3.587435 seconds.
  path: Assets/Sword and Shield Pack (1)/sword and shield jump (2).fbx
  artifactKey: Guid(c26bbcd82bc7d7a4fa06a5929890ca76) Importer(815301076,1909f56bfc062723c751e8b465ee728b)
Start importing Assets/Sword and Shield Pack (1)/sword and shield jump (2).fbx using Guid(c26bbcd82bc7d7a4fa06a5929890ca76) Importer(815301076,1909f56bfc062723c751e8b465ee728b) (PreviewImporter) -> (artifact id: '589c9c127920a1a4848e323b3e421f1b') in 0.0232172 seconds
Number of updated asset objects reloaded before import = 0Number of asset objects unloaded after import = 124

========================================================================
Received Import Request.
  Time since last request: 0.000020 seconds.
  path: Assets/Sword and Shield Pack (1)/sword and shield kick.fbx
  artifactKey: Guid(3207c7180f7490c499c061bd2cc0e71f) Importer(815301076,1909f56bfc062723c751e8b465ee728b)
Start importing Assets/Sword and Shield Pack (1)/sword and shield kick.fbx using Guid(3207c7180f7490c499c061bd2cc0e71f) Importer(815301076,1909f56bfc062723c751e8b465ee728b) (PreviewImporter) -> (artifact id: '80a1f1cdb32b3bcbbf677d2f4a4631b1') in 0.0117946 seconds
Number of updated asset objects reloaded before import = 0Number of asset objects unloaded after import = 124

========================================================================
Received Import Request.
  Time since last request: 0.000019 seconds.
  path: Assets/Sword and Shield Pack (1)/sword and shield run (2).fbx
  artifactKey: Guid(c5f8a8dcdc8257248b1d3c0e2138b214) Importer(815301076,1909f56bfc062723c751e8b465ee728b)
Start importing Assets/Sword and Shield Pack (1)/sword and shield run (2).fbx using Guid(c5f8a8dcdc8257248b1d3c0e2138b214) Importer(815301076,1909f56bfc062723c751e8b465ee728b) (PreviewImporter) -> (artifact id: '1a8a5a47d754a899cecefdb0b3e23c78') in 0.0118923 seconds
Number of updated asset objects reloaded before import = 0Number of asset objects unloaded after import = 124

========================================================================
Received Import Request.
  Time since last request: 0.032434 seconds.
  path: Assets/Sword and Shield Pack (1)/sword and shield slash (3).fbx
  artifactKey: Guid(a81285ed6d332934fb6ab61d7e208e66) Importer(815301076,1909f56bfc062723c751e8b465ee728b)
Start importing Assets/Sword and Shield Pack (1)/sword and shield slash (3).fbx using Guid(a81285ed6d332934fb6ab61d7e208e66) Importer(815301076,1909f56bfc062723c751e8b465ee728b) (PreviewImporter) -> (artifact id: 'eae83ead7216666ef423dd038afe6ce4') in 0.0135053 seconds
Number of updated asset objects reloaded before import = 0Number of asset objects unloaded after import = 124

========================================================================
Received Import Request.
  Time since last request: 0.000031 seconds.
  path: Assets/Sword and Shield Pack (1)/sword and shield slash (5).fbx
  artifactKey: Guid(b453fadac83340949a2dac21f5a95ee6) Importer(815301076,1909f56bfc062723c751e8b465ee728b)
Start importing Assets/Sword and Shield Pack (1)/sword and shield slash (5).fbx using Guid(b453fadac83340949a2dac21f5a95ee6) Importer(815301076,1909f56bfc062723c751e8b465ee728b) (PreviewImporter) -> (artifact id: '47c06d60f0879775e01d1e784675be86') in 0.0126217 seconds
Number of updated asset objects reloaded before import = 0Number of asset objects unloaded after import = 124

========================================================================
Received Import Request.
  Time since last request: 0.000019 seconds.
  path: Assets/Sword and Shield Pack (1)/sword and shield slash (4).fbx
  artifactKey: Guid(8a4d31c3d60c53e4691d1e2909719a19) Importer(815301076,1909f56bfc062723c751e8b465ee728b)
Start importing Assets/Sword and Shield Pack (1)/sword and shield slash (4).fbx using Guid(8a4d31c3d60c53e4691d1e2909719a19) Importer(815301076,1909f56bfc062723c751e8b465ee728b) (PreviewImporter) -> (artifact id: 'c420201f57c24ce1e323445cafd4ac20') in 0.02097 seconds
Number of updated asset objects reloaded before import = 0Number of asset objects unloaded after import = 124

========================================================================
Received Import Request.
  Time since last request: 0.000028 seconds.
  path: Assets/Sword and Shield Pack (1)/sword and shield strafe (3).fbx
  artifactKey: Guid(c393e8c2a3009e646835f62400e83b32) Importer(815301076,1909f56bfc062723c751e8b465ee728b)
Start importing Assets/Sword and Shield Pack (1)/sword and shield strafe (3).fbx using Guid(c393e8c2a3009e646835f62400e83b32) Importer(815301076,1909f56bfc062723c751e8b465ee728b) (PreviewImporter) -> (artifact id: '39bb9f2f47f68cfe23caa5ebd7247960') in 0.0120081 seconds
Number of updated asset objects reloaded before import = 0Number of asset objects unloaded after import = 124

========================================================================
Received Import Request.
  Time since last request: 0.000029 seconds.
  path: Assets/Sword and Shield Pack (1)/sword and shield turn (2).fbx
  artifactKey: Guid(fe6feb6ad37b7a64198219242947a12e) Importer(815301076,1909f56bfc062723c751e8b465ee728b)
Start importing Assets/Sword and Shield Pack (1)/sword and shield turn (2).fbx using Guid(fe6feb6ad37b7a64198219242947a12e) Importer(815301076,1909f56bfc062723c751e8b465ee728b) (PreviewImporter) -> (artifact id: '9dcbf65324f817400838889db4e81d9f') in 0.0139784 seconds
Number of updated asset objects reloaded before import = 0Number of asset objects unloaded after import = 124

========================================================================
Received Import Request.
  Time since last request: 0.000040 seconds.
  path: Assets/Sword and Shield Pack (1)/sword and shield turn.fbx
  artifactKey: Guid(c20e9a3465d3bef45a60f7984c383d91) Importer(815301076,1909f56bfc062723c751e8b465ee728b)
Start importing Assets/Sword and Shield Pack (1)/sword and shield turn.fbx using Guid(c20e9a3465d3bef45a60f7984c383d91) Importer(815301076,1909f56bfc062723c751e8b465ee728b) (PreviewImporter) -> (artifact id: 'f714b468f35408999116a602ade78022') in 0.0126563 seconds
Number of updated asset objects reloaded before import = 0Number of asset objects unloaded after import = 124

========================================================================
Received Import Request.
  Time since last request: 32.220685 seconds.
  path: Assets/Sword and Shield Pack (1)/sword and shield slash (2).fbx
  artifactKey: Guid(f541f410962e978478a738cba3790c80) Importer(815301076,1909f56bfc062723c751e8b465ee728b)
Start importing Assets/Sword and Shield Pack (1)/sword and shield slash (2).fbx using Guid(f541f410962e978478a738cba3790c80) Importer(815301076,1909f56bfc062723c751e8b465ee728b) (PreviewImporter) -> (artifact id: 'a4913b199f89ab19f124ee01fffd21e2') in 0.0168625 seconds
Number of updated asset objects reloaded before import = 0Number of asset objects unloaded after import = 126

========================================================================
Received Import Request.
  Time since last request: 0.000020 seconds.
  path: Assets/Sword and Shield Pack (1)/sword and shield slash (5).fbx
  artifactKey: Guid(b453fadac83340949a2dac21f5a95ee6) Importer(815301076,1909f56bfc062723c751e8b465ee728b)
Start importing Assets/Sword and Shield Pack (1)/sword and shield slash (5).fbx using Guid(b453fadac83340949a2dac21f5a95ee6) Importer(815301076,1909f56bfc062723c751e8b465ee728b) (PreviewImporter) -> (artifact id: 'a3be013990e52bcae73271a44b05fdfd') in 0.0172818 seconds
Number of updated asset objects reloaded before import = 0Number of asset objects unloaded after import = 126

========================================================================
Received Import Request.
  Time since last request: 0.000041 seconds.
  path: Assets/Sword and Shield Pack (1)/sword and shield walk (2).fbx
  artifactKey: Guid(7747638e4b029ac4ba4bc064a18cb885) Importer(815301076,1909f56bfc062723c751e8b465ee728b)
Start importing Assets/Sword and Shield Pack (1)/sword and shield walk (2).fbx using Guid(7747638e4b029ac4ba4bc064a18cb885) Importer(815301076,1909f56bfc062723c751e8b465ee728b) (PreviewImporter) -> (artifact id: '56c9caffda2a32bf14ae3aa1b07fd411') in 0.0134679 seconds
Number of updated asset objects reloaded before import = 0Number of asset objects unloaded after import = 126

========================================================================
Received Import Request.
  Time since last request: 0.000031 seconds.
  path: Assets/Sword and Shield Pack (1)/sword and shield turn.fbx
  artifactKey: Guid(c20e9a3465d3bef45a60f7984c383d91) Importer(815301076,1909f56bfc062723c751e8b465ee728b)
Start importing Assets/Sword and Shield Pack (1)/sword and shield turn.fbx using Guid(c20e9a3465d3bef45a60f7984c383d91) Importer(815301076,1909f56bfc062723c751e8b465ee728b) (PreviewImporter) -> (artifact id: 'a832a55175bbb63c2fb480fe20a61ede') in 0.0138584 seconds
Number of updated asset objects reloaded before import = 0Number of asset objects unloaded after import = 126

========================================================================
Received Import Request.
  Time since last request: 0.741183 seconds.
  path: Assets/Sword and Shield Pack (1)/sword and shield jump (2).fbx
  artifactKey: Guid(c26bbcd82bc7d7a4fa06a5929890ca76) Importer(815301076,1909f56bfc062723c751e8b465ee728b)
Start importing Assets/Sword and Shield Pack (1)/sword and shield jump (2).fbx using Guid(c26bbcd82bc7d7a4fa06a5929890ca76) Importer(815301076,1909f56bfc062723c751e8b465ee728b) (PreviewImporter) -> (artifact id: '87c02eeb18d8989f767539b05677c2a1') in 0.0219925 seconds
Number of updated asset objects reloaded before import = 0Number of asset objects unloaded after import = 126

========================================================================
Received Import Request.
  Time since last request: 0.000026 seconds.
  path: Assets/Sword and Shield Pack (1)/sword and shield idle (4).fbx
  artifactKey: Guid(61d52629189f0614587d4333a556b42d) Importer(815301076,1909f56bfc062723c751e8b465ee728b)
Start importing Assets/Sword and Shield Pack (1)/sword and shield idle (4).fbx using Guid(61d52629189f0614587d4333a556b42d) Importer(815301076,1909f56bfc062723c751e8b465ee728b) (PreviewImporter) -> (artifact id: 'f0157c7453f3fd78611d46ec2ed22b75') in 0.0161236 seconds
Number of updated asset objects reloaded before import = 0Number of asset objects unloaded after import = 126

========================================================================
Received Import Request.
  Time since last request: 0.000027 seconds.
  path: Assets/Sword and Shield Pack (1)/sword and shield crouch.fbx
  artifactKey: Guid(7bd1562c1165d7d42a977e739b2e4e0f) Importer(815301076,1909f56bfc062723c751e8b465ee728b)
Start importing Assets/Sword and Shield Pack (1)/sword and shield crouch.fbx using Guid(7bd1562c1165d7d42a977e739b2e4e0f) Importer(815301076,1909f56bfc062723c751e8b465ee728b) (PreviewImporter) -> (artifact id: '9236fbedacfff8c2af51024bd3c0c24e') in 0.0184578 seconds
Number of updated asset objects reloaded before import = 0Number of asset objects unloaded after import = 126

========================================================================
Received Import Request.
  Time since last request: 0.000018 seconds.
  path: Assets/Sword and Shield Pack (1)/sword and shield crouching.fbx
  artifactKey: Guid(a1c9e3c1e9eb453479576e9d1a32508e) Importer(815301076,1909f56bfc062723c751e8b465ee728b)
Start importing Assets/Sword and Shield Pack (1)/sword and shield crouching.fbx using Guid(a1c9e3c1e9eb453479576e9d1a32508e) Importer(815301076,1909f56bfc062723c751e8b465ee728b) (PreviewImporter) -> (artifact id: '75ff53194bbe4f34852f580fdb3ae2e8') in 0.0173166 seconds
Number of updated asset objects reloaded before import = 0Number of asset objects unloaded after import = 126

========================================================================
Received Import Request.
  Time since last request: 0.000018 seconds.
  path: Assets/Sword and Shield Pack (1)/sword and shield crouch idle.fbx
  artifactKey: Guid(f66ba79d3852f4241a2d47d649c14ee7) Importer(815301076,1909f56bfc062723c751e8b465ee728b)
Start importing Assets/Sword and Shield Pack (1)/sword and shield crouch idle.fbx using Guid(f66ba79d3852f4241a2d47d649c14ee7) Importer(815301076,1909f56bfc062723c751e8b465ee728b) (PreviewImporter) -> (artifact id: '03ec45ba2edd66e5923a8bf7a1e7ec84') in 0.0134816 seconds
Number of updated asset objects reloaded before import = 0Number of asset objects unloaded after import = 126

========================================================================
Received Import Request.
  Time since last request: 0.013895 seconds.
  path: Assets/Sword and Shield Pack (1)/sword and shield 180 turn.fbx
  artifactKey: Guid(dff3874cc4018814eb924670cd66016c) Importer(815301076,1909f56bfc062723c751e8b465ee728b)
Start importing Assets/Sword and Shield Pack (1)/sword and shield 180 turn.fbx using Guid(dff3874cc4018814eb924670cd66016c) Importer(815301076,1909f56bfc062723c751e8b465ee728b) (PreviewImporter) -> (artifact id: '2f1b2c2aa6972dfa39ed15c1eee33c56') in 0.0162877 seconds
Number of updated asset objects reloaded before import = 0Number of asset objects unloaded after import = 126

========================================================================
Received Import Request.
  Time since last request: 0.000022 seconds.
  path: Assets/Sword and Shield Pack (1)/sword and shield block (2).fbx
  artifactKey: Guid(8ee63193a591f5045aa66251a11222bf) Importer(815301076,1909f56bfc062723c751e8b465ee728b)
Start importing Assets/Sword and Shield Pack (1)/sword and shield block (2).fbx using Guid(8ee63193a591f5045aa66251a11222bf) Importer(815301076,1909f56bfc062723c751e8b465ee728b) (PreviewImporter) -> (artifact id: '2a33a8220ffc01a746b70385a2bf291a') in 0.0146658 seconds
Number of updated asset objects reloaded before import = 0Number of asset objects unloaded after import = 126

========================================================================
Received Import Request.
  Time since last request: 0.000028 seconds.
  path: Assets/Sword and Shield Pack (1)/sword and shield block.fbx
  artifactKey: Guid(70a7861af4af9f446beac2f1f8e14f43) Importer(815301076,1909f56bfc062723c751e8b465ee728b)
Start importing Assets/Sword and Shield Pack (1)/sword and shield block.fbx using Guid(70a7861af4af9f446beac2f1f8e14f43) Importer(815301076,1909f56bfc062723c751e8b465ee728b) (PreviewImporter) -> (artifact id: '37afd64af038d49b477d634050c0a03d') in 0.0110666 seconds
Number of updated asset objects reloaded before import = 0Number of asset objects unloaded after import = 126

========================================================================
Received Import Request.
  Time since last request: 0.000018 seconds.
  path: Assets/Sword and Shield Pack (1)/sword and shield attack (4).fbx
  artifactKey: Guid(e191bf8e247e2954eaf7a19787484611) Importer(815301076,1909f56bfc062723c751e8b465ee728b)
Start importing Assets/Sword and Shield Pack (1)/sword and shield attack (4).fbx using Guid(e191bf8e247e2954eaf7a19787484611) Importer(815301076,1909f56bfc062723c751e8b465ee728b) (PreviewImporter) -> (artifact id: '7791237b8dacd85ccf07e947b57ae7c5') in 0.011704 seconds
Number of updated asset objects reloaded before import = 0Number of asset objects unloaded after import = 126

Editor requested this worker to shutdown with reason: Scaling down because of idle timeout
AssetImportWorker is now disconnected from the server
Process exiting
Exiting without the bug reporter. Application will terminate with return code 0