Using pre-set license
Built from '6000.0/staging' branch; Version is '6000.0.50f1 (f1ef1dca8bff) revision 15855389'; Using compiler version '193933523'; Build Type 'Release'
OS: 'Windows 11  (10.0.26100) 64bit Core' Language: 'en' Physical Memory: 32682 MB
BatchMode: 1, IsHumanControllingUs: 0, StartBugReporterOnCrash: 0, Is64bit: 1
Date: 2025-08-20T16:54:15Z

COMMAND LINE ARGUMENTS:
C:\Program Files\Unity\Hub\Editor\6000.0.50f1\Editor\Unity.exe
-adb2
-batchMode
-noUpm
-name
AssetImportWorker0
-projectPath
C:/GitHub/WyrmsWake/WyrmsWake
-logFile
Logs/AssetImportWorker0.log
-srvPort
50794
-job-worker-count
7
-background-job-worker-count
8
-gc-helper-count
1
Successfully changed project path to: C:/GitHub/WyrmsWake/WyrmsWake
C:/GitHub/WyrmsWake/WyrmsWake
[UnityMemory] Configuration Parameters - Can be set up in boot.config
    "memorysetup-bucket-allocator-granularity=16"
    "memorysetup-bucket-allocator-bucket-count=8"
    "memorysetup-bucket-allocator-block-size=33554432"
    "memorysetup-bucket-allocator-block-count=8"
    "memorysetup-main-allocator-block-size=16777216"
    "memorysetup-thread-allocator-block-size=16777216"
    "memorysetup-gfx-main-allocator-block-size=16777216"
    "memorysetup-gfx-thread-allocator-block-size=16777216"
    "memorysetup-cache-allocator-block-size=4194304"
    "memorysetup-typetree-allocator-block-size=2097152"
    "memorysetup-profiler-bucket-allocator-granularity=16"
    "memorysetup-profiler-bucket-allocator-bucket-count=8"
    "memorysetup-profiler-bucket-allocator-block-size=33554432"
    "memorysetup-profiler-bucket-allocator-block-count=8"
    "memorysetup-profiler-allocator-block-size=16777216"
    "memorysetup-profiler-editor-allocator-block-size=1048576"
    "memorysetup-temp-allocator-size-main=16777216"
    "memorysetup-job-temp-allocator-block-size=2097152"
    "memorysetup-job-temp-allocator-block-size-background=1048576"
    "memorysetup-job-temp-allocator-reduction-small-platforms=262144"
    "memorysetup-allocator-temp-initial-block-size-main=262144"
    "memorysetup-allocator-temp-initial-block-size-worker=262144"
    "memorysetup-temp-allocator-size-background-worker=32768"
    "memorysetup-temp-allocator-size-job-worker=262144"
    "memorysetup-temp-allocator-size-preload-manager=33554432"
    "memorysetup-temp-allocator-size-nav-mesh-worker=65536"
    "memorysetup-temp-allocator-size-audio-worker=65536"
    "memorysetup-temp-allocator-size-cloud-worker=32768"
    "memorysetup-temp-allocator-size-gi-baking-worker=262144"
    "memorysetup-temp-allocator-size-gi-baking-worker=262144"
    "memorysetup-temp-allocator-size-gi-baking-worker=262144"
    "memorysetup-temp-allocator-size-gi-baking-worker=262144"
    "memorysetup-temp-allocator-size-gi-baking-worker=262144"
    "memorysetup-temp-allocator-size-gfx=262144"
Player connection [8228]  Target information:

Player connection [8228]  * "[IP] 192.168.1.165 [Port] 0 [Flags] 2 [Guid] 2229263324 [EditorId] 2229263324 [Version] 1048832 [Id] WindowsEditor(7,AQ-PC) [Debug] 1 [PackageName] WindowsEditor [ProjectName] Editor" 

Player connection [8228]  * "[IP] 10.11.11.4 [Port] 0 [Flags] 2 [Guid] 2229263324 [EditorId] 2229263324 [Version] 1048832 [Id] WindowsEditor(7,AQ-PC) [Debug] 1 [PackageName] WindowsEditor [ProjectName] Editor" 

Player connection [8228] Host joined multi-casting on [225.0.0.222:54997]...
Player connection [8228] Host joined alternative multi-casting on [225.0.0.222:34997]...
JobSystem: Creating JobQueue using job-worker-count value 7
Input System module state changed to: Initialized.
[Physics::Module] Initialized fallback backend.
[Physics::Module] Id: 0xdecafbad
Library Redirect Path: Library/
[Physics::Module] Selected backend.
[Physics::Module] Name: PhysX
[Physics::Module] Id: 0xf2b8ea05
[Physics::Module] SDK Version: 4.1.2
[Physics::Module] Integration Version: 1.0.0
[Physics::Module] Threading Mode: Multi-Threaded
Refreshing native plugins compatible for Editor in 1.46 ms, found 3 plugins.
Preloading 0 native plugins for Editor in 0.00 ms.
Initialize engine version: 6000.0.50f1 (f1ef1dca8bff)
[Subsystems] Discovering subsystems at path C:/Program Files/Unity/Hub/Editor/6000.0.50f1/Editor/Data/Resources/UnitySubsystems
[Subsystems] Discovering subsystems at path C:/GitHub/WyrmsWake/WyrmsWake/Assets
GfxDevice: creating device client; kGfxThreadingModeNonThreaded
Direct3D:
    Version:  Direct3D 11.0 [level 11.1]
    Renderer: NVIDIA GeForce RTX 4070 Ti SUPER (ID=0x2705)
    Vendor:   NVIDIA
    VRAM:     16063 MB
    Driver:   32.0.15.7688
Initialize mono
Mono path[0] = 'C:/Program Files/Unity/Hub/Editor/6000.0.50f1/Editor/Data/Managed'
Mono path[1] = 'C:/Program Files/Unity/Hub/Editor/6000.0.50f1/Editor/Data/MonoBleedingEdge/lib/mono/unityjit-win32'
Mono config path = 'C:/Program Files/Unity/Hub/Editor/6000.0.50f1/Editor/Data/MonoBleedingEdge/etc'
Using monoOptions --debugger-agent=transport=dt_socket,embedding=1,server=y,suspend=n,address=127.0.0.1:56696
Begin MonoManager ReloadAssembly
Registering precompiled unity dll's ...
Register platform support module: C:/Program Files/Unity/Hub/Editor/6000.0.50f1/Editor/Data/PlaybackEngines/WindowsStandaloneSupport/UnityEditor.WindowsStandalone.Extensions.dll
Registered in 0.002070 seconds.
- Loaded All Assemblies, in  0.327 seconds
Native extension for WindowsStandalone target not found
Mono: successfully reloaded assembly
- Finished resetting the current domain, in  0.279 seconds
Domain Reload Profiling: 605ms
	BeginReloadAssembly (115ms)
		ExecutionOrderSort (0ms)
		DisableScriptedObjects (0ms)
		BackupInstance (0ms)
		ReleaseScriptingObjects (0ms)
		CreateAndSetChildDomain (1ms)
	RebuildCommonClasses (31ms)
	RebuildNativeTypeToScriptingClass (10ms)
	initialDomainReloadingComplete (43ms)
	LoadAllAssembliesAndSetupDomain (127ms)
		LoadAssemblies (112ms)
		RebuildTransferFunctionScriptingTraits (0ms)
		AnalyzeDomain (125ms)
			TypeCache.Refresh (123ms)
				TypeCache.ScanAssembly (112ms)
			BuildScriptInfoCaches (0ms)
			ResolveRequiredComponents (1ms)
	FinalizeReload (279ms)
		ReleaseScriptCaches (0ms)
		RebuildScriptCaches (0ms)
		SetupLoadedEditorAssemblies (240ms)
			LogAssemblyErrors (0ms)
			InitializePlatformSupportModulesInManaged (18ms)
			SetLoadedEditorAssemblies (3ms)
			BeforeProcessingInitializeOnLoad (49ms)
			ProcessInitializeOnLoadAttributes (127ms)
			ProcessInitializeOnLoadMethodAttributes (43ms)
			AfterProcessingInitializeOnLoad (0ms)
			EditorAssembliesLoaded (0ms)
		ExecutionOrderSort2 (0ms)
		AwakeInstancesAfterBackupRestoration (0ms)
Assembly reference Packages/com.unity.cinemachine/Editor/Samples/ExposeHDRPInternals/HDRP-Editor-ref.asmref has no target assembly definition
========================================================================
Worker process is ready to serve import requests
Import Worker Mode flag is 0x00
Assembly reference Packages/com.unity.cinemachine/Editor/Samples/ExposeHDRPInternals/HDRP-Editor-ref.asmref has no target assembly definition
Assembly reference Packages/com.unity.cinemachine/Editor/Samples/ExposeHDRPInternals/HDRP-Editor-ref.asmref has no target assembly definition
Begin MonoManager ReloadAssembly
- Loaded All Assemblies, in  0.725 seconds
Assembly reference Packages/com.unity.cinemachine/Editor/Samples/ExposeHDRPInternals/HDRP-Editor-ref.asmref has no target assembly definition
'Packages/com.unity.cinemachine/Editor/Obsolete/CinemachineVirtualCameraBaseEditor.cs' contains partial class of Unity.Object, exactly 1 of the partial classes needs to be in a file with the same filename. This is to know the one that can be referenced from ie. GameObjects
'Packages/com.unity.cinemachine/Editor/Editors/CinemachineVirtualCameraBaseEditor.cs' contains partial class of Unity.Object, exactly 1 of the partial classes needs to be in a file with the same filename. This is to know the one that can be referenced from ie. GameObjects
Refreshing native plugins compatible for Editor in 0.83 ms, found 3 plugins.
Native extension for WindowsStandalone target not found
Assembly reference Packages/com.unity.cinemachine/Editor/Samples/ExposeHDRPInternals/HDRP-Editor-ref.asmref has no target assembly definition
Package Manager log level set to [2]
[Package Manager] Failed to launch server process. Reason: Unity was launched with the -noUpm command-line argument
[Package Manager] Unable to send message (not connected to server process).
[Package Manager] Cannot connect to Unity Package Manager local server
Mono: successfully reloaded assembly
- Finished resetting the current domain, in  0.676 seconds
Domain Reload Profiling: 1398ms
	BeginReloadAssembly (154ms)
		ExecutionOrderSort (0ms)
		DisableScriptedObjects (6ms)
		BackupInstance (0ms)
		ReleaseScriptingObjects (0ms)
		CreateAndSetChildDomain (26ms)
	RebuildCommonClasses (31ms)
	RebuildNativeTypeToScriptingClass (10ms)
	initialDomainReloadingComplete (33ms)
	LoadAllAssembliesAndSetupDomain (494ms)
		LoadAssemblies (354ms)
		RebuildTransferFunctionScriptingTraits (0ms)
		AnalyzeDomain (225ms)
			TypeCache.Refresh (169ms)
				TypeCache.ScanAssembly (156ms)
			BuildScriptInfoCaches (43ms)
			ResolveRequiredComponents (10ms)
	FinalizeReload (677ms)
		ReleaseScriptCaches (0ms)
		RebuildScriptCaches (0ms)
		SetupLoadedEditorAssemblies (496ms)
			LogAssemblyErrors (0ms)
			InitializePlatformSupportModulesInManaged (2ms)
			SetLoadedEditorAssemblies (4ms)
			BeforeProcessingInitializeOnLoad (101ms)
			ProcessInitializeOnLoadAttributes (341ms)
			ProcessInitializeOnLoadMethodAttributes (45ms)
			AfterProcessingInitializeOnLoad (4ms)
			EditorAssembliesLoaded (0ms)
		ExecutionOrderSort2 (0ms)
		AwakeInstancesAfterBackupRestoration (6ms)
Launched and connected shader compiler UnityShaderCompiler.exe after 0.01 seconds
Refreshing native plugins compatible for Editor in 1.37 ms, found 3 plugins.
Preloading 0 native plugins for Editor in 0.00 ms.
Unloading 220 Unused Serialized files (Serialized files now loaded: 0)
Unloading 6484 unused Assets / (6.5 MB). Loaded Objects now: 7160.
Memory consumption went from 241.6 MB to 235.1 MB.
Total: 14.728700 ms (FindLiveObjects: 1.199300 ms CreateObjectMapping: 1.091200 ms MarkObjects: 7.910800 ms  DeleteObjects: 4.526600 ms)

========================================================================
Received Import Request.
  Time since last request: 282386.375699 seconds.
  path: Assets/Sword and Shield Pack (1)/SwordShieldStrafe.anim
  artifactKey: Guid(fec3b540998467c4b9af7eb41559d3a8) Importer(815301076,1909f56bfc062723c751e8b465ee728b)
Start importing Assets/Sword and Shield Pack (1)/SwordShieldStrafe.anim using Guid(fec3b540998467c4b9af7eb41559d3a8) Importer(815301076,1909f56bfc062723c751e8b465ee728b) (PreviewImporter) -> (artifact id: '9156bc17e801f26b82a8cb224aad1266') in 0.0450254 seconds
Number of updated asset objects reloaded before import = 0Number of asset objects unloaded after import = 1

========================================================================
Received Import Request.
  Time since last request: 5.837997 seconds.
  path: Assets/Sword and Shield Pack (1)/SwordShieldAttack01.anim
  artifactKey: Guid(6ffbd399b05ca084ca092f5395bd0c01) Importer(815301076,1909f56bfc062723c751e8b465ee728b)
Start importing Assets/Sword and Shield Pack (1)/SwordShieldAttack01.anim using Guid(6ffbd399b05ca084ca092f5395bd0c01) Importer(815301076,1909f56bfc062723c751e8b465ee728b) (PreviewImporter) -> (artifact id: '0ae3125eef8d278b5537c675779fcd78') in 0.0113444 seconds
Number of updated asset objects reloaded before import = 0Number of asset objects unloaded after import = 1

========================================================================
Received Import Request.
  Time since last request: 0.456639 seconds.
  path: Assets/Sword and Shield Pack (1)/SwordShieldAttack02.anim
  artifactKey: Guid(7a88a71b5153dca40b9290ca9270cb92) Importer(815301076,1909f56bfc062723c751e8b465ee728b)
Start importing Assets/Sword and Shield Pack (1)/SwordShieldAttack02.anim using Guid(7a88a71b5153dca40b9290ca9270cb92) Importer(815301076,1909f56bfc062723c751e8b465ee728b) (PreviewImporter) -> (artifact id: 'd2c1e5920d7ca572d6009bfc2d7f939d') in 0.0069659 seconds
Number of updated asset objects reloaded before import = 0Number of asset objects unloaded after import = 1

========================================================================
Received Import Request.
  Time since last request: 1.478012 seconds.
  path: Assets/Sword and Shield Pack (1)/SwordShieldAttack03.anim
  artifactKey: Guid(c5edff0441d0ce243a1affb300d8d326) Importer(815301076,1909f56bfc062723c751e8b465ee728b)
Start importing Assets/Sword and Shield Pack (1)/SwordShieldAttack03.anim using Guid(c5edff0441d0ce243a1affb300d8d326) Importer(815301076,1909f56bfc062723c751e8b465ee728b) (PreviewImporter) -> (artifact id: '80153f86d49d4ccfe3082bdbbbd61673') in 0.0099757 seconds
Number of updated asset objects reloaded before import = 0Number of asset objects unloaded after import = 1

========================================================================
Received Import Request.
  Time since last request: 0.264469 seconds.
  path: Assets/Sword and Shield Pack (1)/SwordShieldBlock.anim
  artifactKey: Guid(a5bd8793289299944a06d2c6dbf2ec07) Importer(815301076,1909f56bfc062723c751e8b465ee728b)
Start importing Assets/Sword and Shield Pack (1)/SwordShieldBlock.anim using Guid(a5bd8793289299944a06d2c6dbf2ec07) Importer(815301076,1909f56bfc062723c751e8b465ee728b) (PreviewImporter) -> (artifact id: '6163a88d351478141e58ff82feb53a7d') in 0.0126005 seconds
Number of updated asset objects reloaded before import = 0Number of asset objects unloaded after import = 1

========================================================================
Received Import Request.
  Time since last request: 1.250275 seconds.
  path: Assets/Sword and Shield Pack (1)/SwordShieldAttack04.anim
  artifactKey: Guid(a8eef514ccdcfd3499edff5e5ae17fc8) Importer(815301076,1909f56bfc062723c751e8b465ee728b)
Start importing Assets/Sword and Shield Pack (1)/SwordShieldAttack04.anim using Guid(a8eef514ccdcfd3499edff5e5ae17fc8) Importer(815301076,1909f56bfc062723c751e8b465ee728b) (PreviewImporter) -> (artifact id: '3c34c90eab1371e58f9de5804f28650f') in 0.0058703 seconds
Number of updated asset objects reloaded before import = 0Number of asset objects unloaded after import = 1

========================================================================
Received Import Request.
  Time since last request: 0.379495 seconds.
  path: Assets/Sword and Shield Pack (1)/SwordShieldBlock02.anim
  artifactKey: Guid(9ab51307070a0704992d80cd36bd9895) Importer(815301076,1909f56bfc062723c751e8b465ee728b)
Start importing Assets/Sword and Shield Pack (1)/SwordShieldBlock02.anim using Guid(9ab51307070a0704992d80cd36bd9895) Importer(815301076,1909f56bfc062723c751e8b465ee728b) (PreviewImporter) -> (artifact id: '173bb30830dbf1e1fe0904e5fc2c0aef') in 0.0033395 seconds
Number of updated asset objects reloaded before import = 0Number of asset objects unloaded after import = 1

========================================================================
Received Import Request.
  Time since last request: 0.392840 seconds.
  path: Assets/Sword and Shield Pack (1)/SwordShieldCasting02.anim
  artifactKey: Guid(3c2d7f1ad53606f4fbd83a41543eeaa5) Importer(815301076,1909f56bfc062723c751e8b465ee728b)
Start importing Assets/Sword and Shield Pack (1)/SwordShieldCasting02.anim using Guid(3c2d7f1ad53606f4fbd83a41543eeaa5) Importer(815301076,1909f56bfc062723c751e8b465ee728b) (PreviewImporter) -> (artifact id: '4f09931de6fc6941a38f58d60131eb45') in 0.0138946 seconds
Number of updated asset objects reloaded before import = 0Number of asset objects unloaded after import = 1

========================================================================
Received Import Request.
  Time since last request: 0.338870 seconds.
  path: Assets/Sword and Shield Pack (1)/SwordShieldCrouch.anim
  artifactKey: Guid(c93e2c05e4ab28a4bb5dc3206144e8c7) Importer(815301076,1909f56bfc062723c751e8b465ee728b)
Start importing Assets/Sword and Shield Pack (1)/SwordShieldCrouch.anim using Guid(c93e2c05e4ab28a4bb5dc3206144e8c7) Importer(815301076,1909f56bfc062723c751e8b465ee728b) (PreviewImporter) -> (artifact id: '0f70092bb0a1165d4f1761cfa0b5c7fd') in 0.0132323 seconds
Number of updated asset objects reloaded before import = 0Number of asset objects unloaded after import = 1

========================================================================
Received Import Request.
  Time since last request: 0.387596 seconds.
  path: Assets/Sword and Shield Pack (1)/SwordShieldCrouchIdle.anim
  artifactKey: Guid(3d0091f1c58b994429284e780842d506) Importer(815301076,1909f56bfc062723c751e8b465ee728b)
Start importing Assets/Sword and Shield Pack (1)/SwordShieldCrouchIdle.anim using Guid(3d0091f1c58b994429284e780842d506) Importer(815301076,1909f56bfc062723c751e8b465ee728b) (PreviewImporter) -> (artifact id: '4e2fac07e431a736236e91a08141bb02') in 0.003831 seconds
Number of updated asset objects reloaded before import = 0Number of asset objects unloaded after import = 1

========================================================================
Received Import Request.
  Time since last request: 0.724231 seconds.
  path: Assets/Sword and Shield Pack (1)/SwordShieldDeath02.anim
  artifactKey: Guid(a37a75e5c51861847be1b706076e494c) Importer(815301076,1909f56bfc062723c751e8b465ee728b)
Start importing Assets/Sword and Shield Pack (1)/SwordShieldDeath02.anim using Guid(a37a75e5c51861847be1b706076e494c) Importer(815301076,1909f56bfc062723c751e8b465ee728b) (PreviewImporter) -> (artifact id: '0b790e512ca92fc18be2d003a3660d36') in 0.011323 seconds
Number of updated asset objects reloaded before import = 0Number of asset objects unloaded after import = 1

========================================================================
Received Import Request.
  Time since last request: 0.277170 seconds.
  path: Assets/Sword and Shield Pack (1)/SwordShieldImpace01.anim
  artifactKey: Guid(5c0034eab2dd6cf4fa103a691f7b33ac) Importer(815301076,1909f56bfc062723c751e8b465ee728b)
Start importing Assets/Sword and Shield Pack (1)/SwordShieldImpace01.anim using Guid(5c0034eab2dd6cf4fa103a691f7b33ac) Importer(815301076,1909f56bfc062723c751e8b465ee728b) (PreviewImporter) -> (artifact id: '8aa831e312c3efa311026b91ec4d1d78') in 0.0140206 seconds
Number of updated asset objects reloaded before import = 0Number of asset objects unloaded after import = 1

========================================================================
Received Import Request.
  Time since last request: 0.339251 seconds.
  path: Assets/Sword and Shield Pack (1)/SwordShieldPowerUp.anim
  artifactKey: Guid(aa1d1f8064ebfe74ea27e095179a3ded) Importer(815301076,1909f56bfc062723c751e8b465ee728b)
Start importing Assets/Sword and Shield Pack (1)/SwordShieldPowerUp.anim using Guid(aa1d1f8064ebfe74ea27e095179a3ded) Importer(815301076,1909f56bfc062723c751e8b465ee728b) (PreviewImporter) -> (artifact id: '192ad942ebf3d5e8dc1d518dc72032c1') in 0.0072801 seconds
Number of updated asset objects reloaded before import = 0Number of asset objects unloaded after import = 1

========================================================================
Received Import Request.
  Time since last request: 0.328874 seconds.
  path: Assets/Sword and Shield Pack (1)/SwordShieldSlash02.anim
  artifactKey: Guid(4be782e05f484f945862da5c3abec36f) Importer(815301076,1909f56bfc062723c751e8b465ee728b)
Start importing Assets/Sword and Shield Pack (1)/SwordShieldSlash02.anim using Guid(4be782e05f484f945862da5c3abec36f) Importer(815301076,1909f56bfc062723c751e8b465ee728b) (PreviewImporter) -> (artifact id: 'b87ab0e912793bd9effe535236cee6d8') in 0.0164767 seconds
Number of updated asset objects reloaded before import = 0Number of asset objects unloaded after import = 1

========================================================================
Received Import Request.
  Time since last request: 1.147705 seconds.
  path: Assets/Sword and Shield Pack (1)/SwordShieldSlash03.anim
  artifactKey: Guid(6858174af0170fe43a92e9ea923f7a7a) Importer(815301076,1909f56bfc062723c751e8b465ee728b)
Start importing Assets/Sword and Shield Pack (1)/SwordShieldSlash03.anim using Guid(6858174af0170fe43a92e9ea923f7a7a) Importer(815301076,1909f56bfc062723c751e8b465ee728b) (PreviewImporter) -> (artifact id: '5b2f01c6e12e54e0306c32e5da44513b') in 0.0079335 seconds
Number of updated asset objects reloaded before import = 0Number of asset objects unloaded after import = 1

========================================================================
Received Import Request.
  Time since last request: 0.491110 seconds.
  path: Assets/Sword and Shield Pack (1)/SwordShieldSlash04.anim
  artifactKey: Guid(cb63756a28c920c43963e22fe9c1c2a2) Importer(815301076,1909f56bfc062723c751e8b465ee728b)
Start importing Assets/Sword and Shield Pack (1)/SwordShieldSlash04.anim using Guid(cb63756a28c920c43963e22fe9c1c2a2) Importer(815301076,1909f56bfc062723c751e8b465ee728b) (PreviewImporter) -> (artifact id: '3c05526e4998c8c73bc076444292881e') in 0.0125878 seconds
Number of updated asset objects reloaded before import = 0Number of asset objects unloaded after import = 1

========================================================================
Received Import Request.
  Time since last request: 64.954553 seconds.
  path: Assets/Sword and Shield Pack (1)/SwordShieldCasting01.anim
  artifactKey: Guid(7c9f9f047a6339843955eb45d23090f6) Importer(815301076,1909f56bfc062723c751e8b465ee728b)
Start importing Assets/Sword and Shield Pack (1)/SwordShieldCasting01.anim using Guid(7c9f9f047a6339843955eb45d23090f6) Importer(815301076,1909f56bfc062723c751e8b465ee728b) (PreviewImporter) -> (artifact id: 'add72b95c05d74a37ba7835ccded0aa4') in 0.0093424 seconds
Number of updated asset objects reloaded before import = 0Number of asset objects unloaded after import = 1

========================================================================
Received Import Request.
  Time since last request: 1.311225 seconds.
  path: Assets/Sword and Shield Pack (1)/SwordShieldKick.anim
  artifactKey: Guid(d158ba04898fb8d4782bbf7cd2e94c81) Importer(815301076,1909f56bfc062723c751e8b465ee728b)
Start importing Assets/Sword and Shield Pack (1)/SwordShieldKick.anim using Guid(d158ba04898fb8d4782bbf7cd2e94c81) Importer(815301076,1909f56bfc062723c751e8b465ee728b) (PreviewImporter) -> (artifact id: '3d1bcb2d99993868873935c79d242aa8') in 0.016933 seconds
Number of updated asset objects reloaded before import = 0Number of asset objects unloaded after import = 1

========================================================================
Received Import Request.
  Time since last request: 0.222330 seconds.
  path: Assets/Sword and Shield Pack (1)/SwordShieldSlash01.anim
  artifactKey: Guid(a013b20f1565e524c90d110ad8f1ad4f) Importer(815301076,1909f56bfc062723c751e8b465ee728b)
Start importing Assets/Sword and Shield Pack (1)/SwordShieldSlash01.anim using Guid(a013b20f1565e524c90d110ad8f1ad4f) Importer(815301076,1909f56bfc062723c751e8b465ee728b) (PreviewImporter) -> (artifact id: 'd90299afb236f76a13bcd59b0c37683b') in 0.0158364 seconds
Number of updated asset objects reloaded before import = 0Number of asset objects unloaded after import = 1

========================================================================
Received Import Request.
  Time since last request: 0.980629 seconds.
  path: Assets/Sword and Shield Pack (1)/SwordShieldSlash05.anim
  artifactKey: Guid(8e6ce87debcf49b4282d80542c032a84) Importer(815301076,1909f56bfc062723c751e8b465ee728b)
Start importing Assets/Sword and Shield Pack (1)/SwordShieldSlash05.anim using Guid(8e6ce87debcf49b4282d80542c032a84) Importer(815301076,1909f56bfc062723c751e8b465ee728b) (PreviewImporter) -> (artifact id: '9cf937261aab4789b8394d0e645c89ec') in 0.015539 seconds
Number of updated asset objects reloaded before import = 0Number of asset objects unloaded after import = 1

========================================================================
Received Import Request.
  Time since last request: 13.631237 seconds.
  path: Assets/Sword and Shield Pack (1)
  artifactKey: Guid(b7c7aa922fd647848aaaa15b21eaf3fd) Importer(815301076,1909f56bfc062723c751e8b465ee728b)
Start importing Assets/Sword and Shield Pack (1) using Guid(b7c7aa922fd647848aaaa15b21eaf3fd) Importer(815301076,1909f56bfc062723c751e8b465ee728b) (PreviewImporter) -> (artifact id: 'd20447e2cce566e11fadf92abf417e41') in 0.0005343 seconds
Number of updated asset objects reloaded before import = 0Number of asset objects unloaded after import = 0

========================================================================
Received Import Request.
  Time since last request: 6.436861 seconds.
  path: Assets/Scripts/Interfaces
  artifactKey: Guid(f2afc009342e4f449aebb6fe3c03754d) Importer(815301076,1909f56bfc062723c751e8b465ee728b)
Start importing Assets/Scripts/Interfaces using Guid(f2afc009342e4f449aebb6fe3c03754d) Importer(815301076,1909f56bfc062723c751e8b465ee728b) (PreviewImporter) -> (artifact id: '5683e1c259c8d69ed3d6fac293e6ba44') in 0.0004677 seconds
Number of updated asset objects reloaded before import = 0Number of asset objects unloaded after import = 0

========================================================================
Received Import Request.
  Time since last request: 3.398731 seconds.
  path: Assets/Scripts/StateMachine
  artifactKey: Guid(18bd5ea414a2f6b49913e18ea3f06cab) Importer(815301076,1909f56bfc062723c751e8b465ee728b)
Start importing Assets/Scripts/StateMachine using Guid(18bd5ea414a2f6b49913e18ea3f06cab) Importer(815301076,1909f56bfc062723c751e8b465ee728b) (PreviewImporter) -> (artifact id: 'dcac2f068508f0ba09fdb9da87d2732f') in 0.0005172 seconds
Number of updated asset objects reloaded before import = 0Number of asset objects unloaded after import = 0

========================================================================
Received Import Request.
  Time since last request: 202.075859 seconds.
  path: Assets/Sword and Shield Pack (1)/SwordShieldStrafe.anim
  artifactKey: Guid(fec3b540998467c4b9af7eb41559d3a8) Importer(815301076,1909f56bfc062723c751e8b465ee728b)
Start importing Assets/Sword and Shield Pack (1)/SwordShieldStrafe.anim using Guid(fec3b540998467c4b9af7eb41559d3a8) Importer(815301076,1909f56bfc062723c751e8b465ee728b) (PreviewImporter) -> (artifact id: 'b1c4f1ef9d3f29eaf026faa3080ee4cc') in 0.0093159 seconds
Number of updated asset objects reloaded before import = 0Number of asset objects unloaded after import = 1

========================================================================
Received Import Request.
  Time since last request: 118.637818 seconds.
  path: Assets/Sword and Shield Pack (1)/SwordShieldStrafe.anim
  artifactKey: Guid(fec3b540998467c4b9af7eb41559d3a8) Importer(815301076,1909f56bfc062723c751e8b465ee728b)
Start importing Assets/Sword and Shield Pack (1)/SwordShieldStrafe.anim using Guid(fec3b540998467c4b9af7eb41559d3a8) Importer(815301076,1909f56bfc062723c751e8b465ee728b) (PreviewImporter) -> (artifact id: '29a5dd2e13fd08f133eb620e20cac05c') in 0.0102544 seconds
Number of updated asset objects reloaded before import = 0Number of asset objects unloaded after import = 1

========================================================================
Received Import Request.
  Time since last request: 43.811458 seconds.
  path: Assets/Sword and Shield Pack (1)/SwordShieldStrafe.anim
  artifactKey: Guid(fec3b540998467c4b9af7eb41559d3a8) Importer(815301076,1909f56bfc062723c751e8b465ee728b)
Start importing Assets/Sword and Shield Pack (1)/SwordShieldStrafe.anim using Guid(fec3b540998467c4b9af7eb41559d3a8) Importer(815301076,1909f56bfc062723c751e8b465ee728b) (PreviewImporter) -> (artifact id: '05b14fb576027971e4c95dc6cd72895b') in 0.0089861 seconds
Number of updated asset objects reloaded before import = 0Number of asset objects unloaded after import = 1

========================================================================
Received Import Request.
  Time since last request: 216.410798 seconds.
  path: Assets/Sword and Shield Pack (1)/sword and shield strafe.fbx
  artifactKey: Guid(81f88ee16924ace4987c561c46e769f8) Importer(815301076,1909f56bfc062723c751e8b465ee728b)
Start importing Assets/Sword and Shield Pack (1)/sword and shield strafe.fbx using Guid(81f88ee16924ace4987c561c46e769f8) Importer(815301076,1909f56bfc062723c751e8b465ee728b) (PreviewImporter) -> (artifact id: '805b1c2fa4264ef1345a59b3cc4d9806') in 0.4134832 seconds
Number of updated asset objects reloaded before import = 0Number of asset objects unloaded after import = 127

========================================================================
Received Import Request.
  Time since last request: 26.481176 seconds.
  path: Assets/Sword and Shield Pack (1)/SwordShieldStrafe.anim
  artifactKey: Guid(fec3b540998467c4b9af7eb41559d3a8) Importer(815301076,1909f56bfc062723c751e8b465ee728b)
Start importing Assets/Sword and Shield Pack (1)/SwordShieldStrafe.anim using Guid(fec3b540998467c4b9af7eb41559d3a8) Importer(815301076,1909f56bfc062723c751e8b465ee728b) (PreviewImporter) -> (artifact id: 'd45be96874969316781dd8ce9d18b8c1') in 0.0093418 seconds
Number of updated asset objects reloaded before import = 0Number of asset objects unloaded after import = 1

========================================================================
Received Import Request.
  Time since last request: 105.720095 seconds.
  path: Assets/Sword and Shield Pack (1)/sword and shield strafe.fbx
  artifactKey: Guid(81f88ee16924ace4987c561c46e769f8) Importer(815301076,1909f56bfc062723c751e8b465ee728b)
Start importing Assets/Sword and Shield Pack (1)/sword and shield strafe.fbx using Guid(81f88ee16924ace4987c561c46e769f8) Importer(815301076,1909f56bfc062723c751e8b465ee728b) (PreviewImporter) -> (artifact id: '00f4fb76e68ebb7cda2f0d00620343b1') in 0.0203599 seconds
Number of updated asset objects reloaded before import = 0Number of asset objects unloaded after import = 126

========================================================================
Received Prepare
Assembly reference Packages/com.unity.cinemachine/Editor/Samples/ExposeHDRPInternals/HDRP-Editor-ref.asmref has no target assembly definition
Assembly reference Packages/com.unity.cinemachine/Editor/Samples/ExposeHDRPInternals/HDRP-Editor-ref.asmref has no target assembly definition
Begin MonoManager ReloadAssembly
- Loaded All Assemblies, in  0.608 seconds
Assembly reference Packages/com.unity.cinemachine/Editor/Samples/ExposeHDRPInternals/HDRP-Editor-ref.asmref has no target assembly definition
'Packages/com.unity.cinemachine/Editor/Obsolete/CinemachineVirtualCameraBaseEditor.cs' contains partial class of Unity.Object, exactly 1 of the partial classes needs to be in a file with the same filename. This is to know the one that can be referenced from ie. GameObjects
'Packages/com.unity.cinemachine/Editor/Editors/CinemachineVirtualCameraBaseEditor.cs' contains partial class of Unity.Object, exactly 1 of the partial classes needs to be in a file with the same filename. This is to know the one that can be referenced from ie. GameObjects
Refreshing native plugins compatible for Editor in 0.75 ms, found 3 plugins.
Native extension for WindowsStandalone target not found
Assembly reference Packages/com.unity.cinemachine/Editor/Samples/ExposeHDRPInternals/HDRP-Editor-ref.asmref has no target assembly definition
[Package Manager] Failed to launch server process. Reason: Unity was launched with the -noUpm command-line argument
[Package Manager] Unable to send message (not connected to server process).
[Package Manager] Cannot connect to Unity Package Manager local server
Mono: successfully reloaded assembly
- Finished resetting the current domain, in  0.630 seconds
Domain Reload Profiling: 1239ms
	BeginReloadAssembly (199ms)
		ExecutionOrderSort (0ms)
		DisableScriptedObjects (17ms)
		BackupInstance (0ms)
		ReleaseScriptingObjects (0ms)
		CreateAndSetChildDomain (55ms)
	RebuildCommonClasses (30ms)
	RebuildNativeTypeToScriptingClass (10ms)
	initialDomainReloadingComplete (22ms)
	LoadAllAssembliesAndSetupDomain (348ms)
		LoadAssemblies (277ms)
		RebuildTransferFunctionScriptingTraits (0ms)
		AnalyzeDomain (151ms)
			TypeCache.Refresh (6ms)
				TypeCache.ScanAssembly (0ms)
			BuildScriptInfoCaches (128ms)
			ResolveRequiredComponents (13ms)
	FinalizeReload (630ms)
		ReleaseScriptCaches (0ms)
		RebuildScriptCaches (0ms)
		SetupLoadedEditorAssemblies (489ms)
			LogAssemblyErrors (0ms)
			InitializePlatformSupportModulesInManaged (2ms)
			SetLoadedEditorAssemblies (4ms)
			BeforeProcessingInitializeOnLoad (98ms)
			ProcessInitializeOnLoadAttributes (324ms)
			ProcessInitializeOnLoadMethodAttributes (56ms)
			AfterProcessingInitializeOnLoad (4ms)
			EditorAssembliesLoaded (0ms)
		ExecutionOrderSort2 (0ms)
		AwakeInstancesAfterBackupRestoration (15ms)
Refreshing native plugins compatible for Editor in 1.23 ms, found 3 plugins.
Preloading 0 native plugins for Editor in 0.00 ms.
Unloading 42 Unused Serialized files (Serialized files now loaded: 0)
Unloading 6480 unused Assets / (7.1 MB). Loaded Objects now: 7211.
Memory consumption went from 235.8 MB to 228.7 MB.
Total: 17.645400 ms (FindLiveObjects: 1.612700 ms CreateObjectMapping: 2.180200 ms MarkObjects: 8.191900 ms  DeleteObjects: 5.660000 ms)

Prepare: number of updated asset objects reloaded= 0
