Using pre-set license
Built from '6000.0/staging' branch; Version is '6000.0.50f1 (f1ef1dca8bff) revision 15855389'; Using compiler version '193933523'; Build Type 'Release'
OS: 'Windows 11  (10.0.26100) 64bit Core' Language: 'en' Physical Memory: 32682 MB
BatchMode: 1, IsHumanControllingUs: 0, StartBugReporterOnCrash: 0, Is64bit: 1
Date: 2025-08-18T13:22:40Z

COMMAND LINE ARGUMENTS:
C:\Program Files\Unity\Hub\Editor\6000.0.50f1\Editor\Unity.exe
-adb2
-batchMode
-noUpm
-name
AssetImportWorker12
-projectPath
C:/GitHub/WyrmsWake/WyrmsWake
-logFile
Logs/AssetImportWorker12.log
-srvPort
64976
-job-worker-count
7
-background-job-worker-count
8
-gc-helper-count
1
Successfully changed project path to: C:/GitHub/WyrmsWake/WyrmsWake
C:/GitHub/WyrmsWake/WyrmsWake
[UnityMemory] Configuration Parameters - Can be set up in boot.config
    "memorysetup-bucket-allocator-granularity=16"
    "memorysetup-bucket-allocator-bucket-count=8"
    "memorysetup-bucket-allocator-block-size=33554432"
    "memorysetup-bucket-allocator-block-count=8"
    "memorysetup-main-allocator-block-size=16777216"
    "memorysetup-thread-allocator-block-size=16777216"
    "memorysetup-gfx-main-allocator-block-size=16777216"
    "memorysetup-gfx-thread-allocator-block-size=16777216"
    "memorysetup-cache-allocator-block-size=4194304"
    "memorysetup-typetree-allocator-block-size=2097152"
    "memorysetup-profiler-bucket-allocator-granularity=16"
    "memorysetup-profiler-bucket-allocator-bucket-count=8"
    "memorysetup-profiler-bucket-allocator-block-size=33554432"
    "memorysetup-profiler-bucket-allocator-block-count=8"
    "memorysetup-profiler-allocator-block-size=16777216"
    "memorysetup-profiler-editor-allocator-block-size=1048576"
    "memorysetup-temp-allocator-size-main=16777216"
    "memorysetup-job-temp-allocator-block-size=2097152"
    "memorysetup-job-temp-allocator-block-size-background=1048576"
    "memorysetup-job-temp-allocator-reduction-small-platforms=262144"
    "memorysetup-allocator-temp-initial-block-size-main=262144"
    "memorysetup-allocator-temp-initial-block-size-worker=262144"
    "memorysetup-temp-allocator-size-background-worker=32768"
    "memorysetup-temp-allocator-size-job-worker=262144"
    "memorysetup-temp-allocator-size-preload-manager=33554432"
    "memorysetup-temp-allocator-size-nav-mesh-worker=65536"
    "memorysetup-temp-allocator-size-audio-worker=65536"
    "memorysetup-temp-allocator-size-cloud-worker=32768"
    "memorysetup-temp-allocator-size-gi-baking-worker=262144"
    "memorysetup-temp-allocator-size-gi-baking-worker=262144"
    "memorysetup-temp-allocator-size-gi-baking-worker=262144"
    "memorysetup-temp-allocator-size-gi-baking-worker=262144"
    "memorysetup-temp-allocator-size-gi-baking-worker=262144"
    "memorysetup-temp-allocator-size-gfx=262144"
Player connection [30888]  Target information:

Player connection [30888]  * "[IP] 192.168.1.165 [Port] 0 [Flags] 2 [Guid] 2382467628 [EditorId] 2382467628 [Version] 1048832 [Id] WindowsEditor(7,AQ-PC) [Debug] 1 [PackageName] WindowsEditor [ProjectName] Editor" 

Player connection [30888]  * "[IP] 10.11.11.3 [Port] 0 [Flags] 2 [Guid] 2382467628 [EditorId] 2382467628 [Version] 1048832 [Id] WindowsEditor(7,AQ-PC) [Debug] 1 [PackageName] WindowsEditor [ProjectName] Editor" 

Player connection [30888] Host joined multi-casting on [225.0.0.222:54997]...
Player connection [30888] Host joined alternative multi-casting on [225.0.0.222:34997]...
JobSystem: Creating JobQueue using job-worker-count value 7
Input System module state changed to: Initialized.
[Physics::Module] Initialized fallback backend.
[Physics::Module] Id: 0xdecafbad
Library Redirect Path: Library/
[Physics::Module] Selected backend.
[Physics::Module] Name: PhysX
[Physics::Module] Id: 0xf2b8ea05
[Physics::Module] SDK Version: 4.1.2
[Physics::Module] Integration Version: 1.0.0
[Physics::Module] Threading Mode: Multi-Threaded
Refreshing native plugins compatible for Editor in 1.64 ms, found 3 plugins.
Preloading 0 native plugins for Editor in 0.00 ms.
Initialize engine version: 6000.0.50f1 (f1ef1dca8bff)
[Subsystems] Discovering subsystems at path C:/Program Files/Unity/Hub/Editor/6000.0.50f1/Editor/Data/Resources/UnitySubsystems
[Subsystems] Discovering subsystems at path C:/GitHub/WyrmsWake/WyrmsWake/Assets
GfxDevice: creating device client; kGfxThreadingModeNonThreaded
Direct3D:
    Version:  Direct3D 11.0 [level 11.1]
    Renderer: NVIDIA GeForce RTX 4070 Ti SUPER (ID=0x2705)
    Vendor:   NVIDIA
    VRAM:     16063 MB
    Driver:   32.0.15.7688
Initialize mono
Mono path[0] = 'C:/Program Files/Unity/Hub/Editor/6000.0.50f1/Editor/Data/Managed'
Mono path[1] = 'C:/Program Files/Unity/Hub/Editor/6000.0.50f1/Editor/Data/MonoBleedingEdge/lib/mono/unityjit-win32'
Mono config path = 'C:/Program Files/Unity/Hub/Editor/6000.0.50f1/Editor/Data/MonoBleedingEdge/etc'
Using monoOptions --debugger-agent=transport=dt_socket,embedding=1,server=y,suspend=n,address=127.0.0.1:56292
Begin MonoManager ReloadAssembly
Registering precompiled unity dll's ...
Register platform support module: C:/Program Files/Unity/Hub/Editor/6000.0.50f1/Editor/Data/PlaybackEngines/WindowsStandaloneSupport/UnityEditor.WindowsStandalone.Extensions.dll
Registered in 0.002745 seconds.
- Loaded All Assemblies, in  0.385 seconds
Native extension for WindowsStandalone target not found
Mono: successfully reloaded assembly
- Finished resetting the current domain, in  0.317 seconds
Domain Reload Profiling: 699ms
	BeginReloadAssembly (122ms)
		ExecutionOrderSort (0ms)
		DisableScriptedObjects (0ms)
		BackupInstance (0ms)
		ReleaseScriptingObjects (0ms)
		CreateAndSetChildDomain (1ms)
	RebuildCommonClasses (37ms)
	RebuildNativeTypeToScriptingClass (10ms)
	initialDomainReloadingComplete (51ms)
	LoadAllAssembliesAndSetupDomain (161ms)
		LoadAssemblies (118ms)
		RebuildTransferFunctionScriptingTraits (0ms)
		AnalyzeDomain (157ms)
			TypeCache.Refresh (156ms)
				TypeCache.ScanAssembly (142ms)
			BuildScriptInfoCaches (0ms)
			ResolveRequiredComponents (0ms)
	FinalizeReload (318ms)
		ReleaseScriptCaches (0ms)
		RebuildScriptCaches (0ms)
		SetupLoadedEditorAssemblies (276ms)
			LogAssemblyErrors (0ms)
			InitializePlatformSupportModulesInManaged (23ms)
			SetLoadedEditorAssemblies (4ms)
			BeforeProcessingInitializeOnLoad (63ms)
			ProcessInitializeOnLoadAttributes (132ms)
			ProcessInitializeOnLoadMethodAttributes (55ms)
			AfterProcessingInitializeOnLoad (0ms)
			EditorAssembliesLoaded (0ms)
		ExecutionOrderSort2 (0ms)
		AwakeInstancesAfterBackupRestoration (0ms)
========================================================================
Worker process is ready to serve import requests
Import Worker Mode flag is 0x00
Begin MonoManager ReloadAssembly
- Loaded All Assemblies, in  0.697 seconds
Refreshing native plugins compatible for Editor in 1.18 ms, found 3 plugins.
Native extension for WindowsStandalone target not found
Mono: successfully reloaded assembly
- Finished resetting the current domain, in  0.687 seconds
Domain Reload Profiling: 1381ms
	BeginReloadAssembly (164ms)
		ExecutionOrderSort (0ms)
		DisableScriptedObjects (6ms)
		BackupInstance (0ms)
		ReleaseScriptingObjects (0ms)
		CreateAndSetChildDomain (29ms)
	RebuildCommonClasses (40ms)
	RebuildNativeTypeToScriptingClass (11ms)
	initialDomainReloadingComplete (35ms)
	LoadAllAssembliesAndSetupDomain (443ms)
		LoadAssemblies (305ms)
		RebuildTransferFunctionScriptingTraits (0ms)
		AnalyzeDomain (228ms)
			TypeCache.Refresh (175ms)
				TypeCache.ScanAssembly (163ms)
			BuildScriptInfoCaches (39ms)
			ResolveRequiredComponents (11ms)
	FinalizeReload (688ms)
		ReleaseScriptCaches (0ms)
		RebuildScriptCaches (0ms)
		SetupLoadedEditorAssemblies (516ms)
			LogAssemblyErrors (0ms)
			InitializePlatformSupportModulesInManaged (2ms)
			SetLoadedEditorAssemblies (4ms)
			BeforeProcessingInitializeOnLoad (115ms)
			ProcessInitializeOnLoadAttributes (343ms)
			ProcessInitializeOnLoadMethodAttributes (48ms)
			AfterProcessingInitializeOnLoad (4ms)
			EditorAssembliesLoaded (0ms)
		ExecutionOrderSort2 (0ms)
		AwakeInstancesAfterBackupRestoration (6ms)
Launched and connected shader compiler UnityShaderCompiler.exe after 0.01 seconds
Refreshing native plugins compatible for Editor in 1.81 ms, found 3 plugins.
Preloading 0 native plugins for Editor in 0.00 ms.
Unloading 218 Unused Serialized files (Serialized files now loaded: 0)
Unloading 6084 unused Assets / (6.7 MB). Loaded Objects now: 6760.
Memory consumption went from 238.6 MB to 232.0 MB.
Total: 20.662900 ms (FindLiveObjects: 1.536400 ms CreateObjectMapping: 1.299400 ms MarkObjects: 11.464100 ms  DeleteObjects: 6.362000 ms)

========================================================================
Received Import Request.
  Time since last request: 96891.754580 seconds.
  path: Assets/Sword and Shield Pack (1)/sword and shield impact (3).fbx
  artifactKey: Guid(1dd0aeaa541471f4bb501d64d7468462) Importer(815301076,1909f56bfc062723c751e8b465ee728b)
Start importing Assets/Sword and Shield Pack (1)/sword and shield impact (3).fbx using Guid(1dd0aeaa541471f4bb501d64d7468462) Importer(815301076,1909f56bfc062723c751e8b465ee728b) (PreviewImporter) -> (artifact id: 'ffb75c93917f924542f84d42e0672b45') in 0.5294361 seconds
Number of updated asset objects reloaded before import = 0Number of asset objects unloaded after import = 125

========================================================================
Received Import Request.
  Time since last request: 32.217618 seconds.
  path: Assets/Sword and Shield Pack (1)/sword and shield run (2).fbx
  artifactKey: Guid(c5f8a8dcdc8257248b1d3c0e2138b214) Importer(815301076,1909f56bfc062723c751e8b465ee728b)
Start importing Assets/Sword and Shield Pack (1)/sword and shield run (2).fbx using Guid(c5f8a8dcdc8257248b1d3c0e2138b214) Importer(815301076,1909f56bfc062723c751e8b465ee728b) (PreviewImporter) -> (artifact id: 'f2f5dcb57560d60ffe63723ec47feebb') in 0.0195118 seconds
Number of updated asset objects reloaded before import = 0Number of asset objects unloaded after import = 126

========================================================================
Received Import Request.
  Time since last request: 0.000022 seconds.
  path: Assets/Sword and Shield Pack (1)/sword and shield strafe (4).fbx
  artifactKey: Guid(3cc7baea3dcb49e44b9a0d23c5f2c5d0) Importer(815301076,1909f56bfc062723c751e8b465ee728b)
Start importing Assets/Sword and Shield Pack (1)/sword and shield strafe (4).fbx using Guid(3cc7baea3dcb49e44b9a0d23c5f2c5d0) Importer(815301076,1909f56bfc062723c751e8b465ee728b) (PreviewImporter) -> (artifact id: '651581e4b6c5e3f51b2be03467f5a175') in 0.0209871 seconds
Number of updated asset objects reloaded before import = 0Number of asset objects unloaded after import = 126

========================================================================
Received Import Request.
  Time since last request: 0.000021 seconds.
  path: Assets/Sword and Shield Pack (1)/sword and shield slash (3).fbx
  artifactKey: Guid(a81285ed6d332934fb6ab61d7e208e66) Importer(815301076,1909f56bfc062723c751e8b465ee728b)
Start importing Assets/Sword and Shield Pack (1)/sword and shield slash (3).fbx using Guid(a81285ed6d332934fb6ab61d7e208e66) Importer(815301076,1909f56bfc062723c751e8b465ee728b) (PreviewImporter) -> (artifact id: '7976747530fb0e446ec4c26f2b2dd9c1') in 0.0209062 seconds
Number of updated asset objects reloaded before import = 0Number of asset objects unloaded after import = 126

========================================================================
Received Import Request.
  Time since last request: 0.000020 seconds.
  path: Assets/Sword and Shield Pack (1)/sword and shield strafe (2).fbx
  artifactKey: Guid(33543a2c75ccfcb409144697654ca49c) Importer(815301076,1909f56bfc062723c751e8b465ee728b)
Start importing Assets/Sword and Shield Pack (1)/sword and shield strafe (2).fbx using Guid(33543a2c75ccfcb409144697654ca49c) Importer(815301076,1909f56bfc062723c751e8b465ee728b) (PreviewImporter) -> (artifact id: 'd7e687d3445f5784b3006bdf418299ba') in 0.012045 seconds
Number of updated asset objects reloaded before import = 0Number of asset objects unloaded after import = 126

========================================================================
Received Import Request.
  Time since last request: 0.738814 seconds.
  path: Assets/Sword and Shield Pack (1)/sword and shield impact (2).fbx
  artifactKey: Guid(52d12d3cfef01f24eabb349749c5d4c5) Importer(815301076,1909f56bfc062723c751e8b465ee728b)
Start importing Assets/Sword and Shield Pack (1)/sword and shield impact (2).fbx using Guid(52d12d3cfef01f24eabb349749c5d4c5) Importer(815301076,1909f56bfc062723c751e8b465ee728b) (PreviewImporter) -> (artifact id: '17867c07abfedf862e8ed21caa3c2d29') in 0.0230186 seconds
Number of updated asset objects reloaded before import = 0Number of asset objects unloaded after import = 126

========================================================================
Received Import Request.
  Time since last request: 0.000018 seconds.
  path: Assets/Sword and Shield Pack (1)/sword and shield death.fbx
  artifactKey: Guid(cba57e4a01a989843a43068cae44489f) Importer(815301076,1909f56bfc062723c751e8b465ee728b)
Start importing Assets/Sword and Shield Pack (1)/sword and shield death.fbx using Guid(cba57e4a01a989843a43068cae44489f) Importer(815301076,1909f56bfc062723c751e8b465ee728b) (PreviewImporter) -> (artifact id: '05cc928e5697a37458f67aefbec2330c') in 0.0152829 seconds
Number of updated asset objects reloaded before import = 0Number of asset objects unloaded after import = 126

========================================================================
Received Import Request.
  Time since last request: 0.000026 seconds.
  path: Assets/Sword and Shield Pack (1)/sword and shield crouching (2).fbx
  artifactKey: Guid(f0bd9ba5946db364da54f5774a779ad9) Importer(815301076,1909f56bfc062723c751e8b465ee728b)
Start importing Assets/Sword and Shield Pack (1)/sword and shield crouching (2).fbx using Guid(f0bd9ba5946db364da54f5774a779ad9) Importer(815301076,1909f56bfc062723c751e8b465ee728b) (PreviewImporter) -> (artifact id: '6a162ec16254c44b127b73ad18c39fa5') in 0.0171915 seconds
Number of updated asset objects reloaded before import = 0Number of asset objects unloaded after import = 126

========================================================================
Received Import Request.
  Time since last request: 0.000027 seconds.
  path: Assets/Sword and Shield Pack (1)/sword and shield idle (2).fbx
  artifactKey: Guid(aa2afb57871f9b3448c28a5784f17b30) Importer(815301076,1909f56bfc062723c751e8b465ee728b)
Start importing Assets/Sword and Shield Pack (1)/sword and shield idle (2).fbx using Guid(aa2afb57871f9b3448c28a5784f17b30) Importer(815301076,1909f56bfc062723c751e8b465ee728b) (PreviewImporter) -> (artifact id: '6124755a50cbd4c692d784dfb2ae1644') in 0.0207093 seconds
Number of updated asset objects reloaded before import = 0Number of asset objects unloaded after import = 126

========================================================================
Received Import Request.
  Time since last request: 0.000020 seconds.
  path: Assets/Sword and Shield Pack (1)/sword and shield crouch block.fbx
  artifactKey: Guid(fc3810bc14ac8ce428955cc4971ac06d) Importer(815301076,1909f56bfc062723c751e8b465ee728b)
Start importing Assets/Sword and Shield Pack (1)/sword and shield crouch block.fbx using Guid(fc3810bc14ac8ce428955cc4971ac06d) Importer(815301076,1909f56bfc062723c751e8b465ee728b) (PreviewImporter) -> (artifact id: '330b72c89f9e3acd04add661c453abaf') in 0.0124082 seconds
Number of updated asset objects reloaded before import = 0Number of asset objects unloaded after import = 126

========================================================================
Received Import Request.
  Time since last request: 0.012316 seconds.
  path: Assets/Sword and Shield Pack (1)/sheath sword 1.fbx
  artifactKey: Guid(1d3c5bc4f17b0e040999c3e5e1add7a6) Importer(815301076,1909f56bfc062723c751e8b465ee728b)
Start importing Assets/Sword and Shield Pack (1)/sheath sword 1.fbx using Guid(1d3c5bc4f17b0e040999c3e5e1add7a6) Importer(815301076,1909f56bfc062723c751e8b465ee728b) (PreviewImporter) -> (artifact id: '855470d76ba00dd7901edf4ae65888cc') in 0.0133745 seconds
Number of updated asset objects reloaded before import = 0Number of asset objects unloaded after import = 126

========================================================================
Received Import Request.
  Time since last request: 0.000023 seconds.
  path: Assets/Sword and Shield Pack (1)/sword and shield 180 turn (2).fbx
  artifactKey: Guid(24c20f3adbed96b43bfe2f570123bf1f) Importer(815301076,1909f56bfc062723c751e8b465ee728b)
Start importing Assets/Sword and Shield Pack (1)/sword and shield 180 turn (2).fbx using Guid(24c20f3adbed96b43bfe2f570123bf1f) Importer(815301076,1909f56bfc062723c751e8b465ee728b) (PreviewImporter) -> (artifact id: '75b1eef55dd8e70fe0f1079994272561') in 0.0161189 seconds
Number of updated asset objects reloaded before import = 0Number of asset objects unloaded after import = 126

========================================================================
Received Import Request.
  Time since last request: 0.000029 seconds.
  path: Assets/Sword and Shield Pack (1)/sword and shield casting (2).fbx
  artifactKey: Guid(be8efb2edec726c4cbfbd1e2fc9a01da) Importer(815301076,1909f56bfc062723c751e8b465ee728b)
Start importing Assets/Sword and Shield Pack (1)/sword and shield casting (2).fbx using Guid(be8efb2edec726c4cbfbd1e2fc9a01da) Importer(815301076,1909f56bfc062723c751e8b465ee728b) (PreviewImporter) -> (artifact id: 'fd00db79b55200df9c87a20782fffafd') in 0.0113882 seconds
Number of updated asset objects reloaded before import = 0Number of asset objects unloaded after import = 126

========================================================================
Received Import Request.
  Time since last request: 0.000029 seconds.
  path: Assets/Sword and Shield Pack (1)/sword and shield attack.fbx
  artifactKey: Guid(26ce44ed9f2ee0d499f1df7d4966db1d) Importer(815301076,1909f56bfc062723c751e8b465ee728b)
Start importing Assets/Sword and Shield Pack (1)/sword and shield attack.fbx using Guid(26ce44ed9f2ee0d499f1df7d4966db1d) Importer(815301076,1909f56bfc062723c751e8b465ee728b) (PreviewImporter) -> (artifact id: '08ae9ed491f165a3968a2e5551d84cd4') in 0.0112192 seconds
Number of updated asset objects reloaded before import = 0Number of asset objects unloaded after import = 126

========================================================================
Received Import Request.
  Time since last request: 1407.182739 seconds.
  path: Assets/Sword and Shield Pack (1)/SwordShieldDeath.anim
  artifactKey: Guid(ab569b4df75eb844fbfe816493275366) Importer(815301076,1909f56bfc062723c751e8b465ee728b)
Start importing Assets/Sword and Shield Pack (1)/SwordShieldDeath.anim using Guid(ab569b4df75eb844fbfe816493275366) Importer(815301076,1909f56bfc062723c751e8b465ee728b) (PreviewImporter) -> (artifact id: 'db9fa4e30729f9617fe3344ceea47f14') in 0.008255 seconds
Number of updated asset objects reloaded before import = 0Number of asset objects unloaded after import = 1

========================================================================
Received Import Request.
  Time since last request: 405.001276 seconds.
  path: Assets/Animator Controllers/Sword And Shield Attack.fbx
  artifactKey: Guid(85f9a5a465e646d4b9d871f58da352e2) Importer(815301076,1909f56bfc062723c751e8b465ee728b)
Start importing Assets/Animator Controllers/Sword And Shield Attack.fbx using Guid(85f9a5a465e646d4b9d871f58da352e2) Importer(815301076,1909f56bfc062723c751e8b465ee728b) (PreviewImporter) -> (artifact id: '548675322a87b3cc0976e30226430c07') in 0.0799206 seconds
Number of updated asset objects reloaded before import = 0Number of asset objects unloaded after import = 124

========================================================================
Received Import Request.
  Time since last request: 3.470566 seconds.
  path: Assets/Animator Controllers/Sword And Shield Attack.fbx
  artifactKey: Guid(85f9a5a465e646d4b9d871f58da352e2) Importer(815301076,1909f56bfc062723c751e8b465ee728b)
Start importing Assets/Animator Controllers/Sword And Shield Attack.fbx using Guid(85f9a5a465e646d4b9d871f58da352e2) Importer(815301076,1909f56bfc062723c751e8b465ee728b) (PreviewImporter) -> (artifact id: '7eed6fdfe883c4cf523988b4900e0b81') in 0.0196657 seconds
Number of updated asset objects reloaded before import = 0Number of asset objects unloaded after import = 126

========================================================================
Received Import Request.
  Time since last request: 4.756557 seconds.
  path: Assets/Animator Controllers/mixamo.com.anim
  artifactKey: Guid(816378072f4fc9149a591b5b25ed90da) Importer(815301076,1909f56bfc062723c751e8b465ee728b)
Start importing Assets/Animator Controllers/mixamo.com.anim using Guid(816378072f4fc9149a591b5b25ed90da) Importer(815301076,1909f56bfc062723c751e8b465ee728b) (PreviewImporter) -> (artifact id: 'd576477e2a572728599d30ed0ae7c4e2') in 0.0100619 seconds
Number of updated asset objects reloaded before import = 0Number of asset objects unloaded after import = 1

========================================================================
Received Import Request.
  Time since last request: 8.802138 seconds.
  path: Assets/Animator Controllers/SwordShieldAtack.anim
  artifactKey: Guid(816378072f4fc9149a591b5b25ed90da) Importer(815301076,1909f56bfc062723c751e8b465ee728b)
Start importing Assets/Animator Controllers/SwordShieldAtack.anim using Guid(816378072f4fc9149a591b5b25ed90da) Importer(815301076,1909f56bfc062723c751e8b465ee728b) (PreviewImporter) -> (artifact id: '4c5bbd478858d5bf54936ef0a8832fb2') in 0.0096353 seconds
Number of updated asset objects reloaded before import = 0Number of asset objects unloaded after import = 1

========================================================================
Received Import Request.
  Time since last request: 217.732938 seconds.
  path: Assets/Animator Controllers/Sword And Shield Slash.fbx
  artifactKey: Guid(44e85d197df3100448a993df356c16cf) Importer(815301076,1909f56bfc062723c751e8b465ee728b)
Start importing Assets/Animator Controllers/Sword And Shield Slash.fbx using Guid(44e85d197df3100448a993df356c16cf) Importer(815301076,1909f56bfc062723c751e8b465ee728b) (PreviewImporter) -> (artifact id: '4c99025d053042182c5ea54fbc21d982') in 0.0194096 seconds
Number of updated asset objects reloaded before import = 0Number of asset objects unloaded after import = 124

========================================================================
Received Import Request.
  Time since last request: 8.286958 seconds.
  path: Assets/Animator Controllers/Sword And Shield Slash.fbx
  artifactKey: Guid(44e85d197df3100448a993df356c16cf) Importer(815301076,1909f56bfc062723c751e8b465ee728b)
Start importing Assets/Animator Controllers/Sword And Shield Slash.fbx using Guid(44e85d197df3100448a993df356c16cf) Importer(815301076,1909f56bfc062723c751e8b465ee728b) (PreviewImporter) -> (artifact id: '5b5aed9e61114d77055f76bc02a66c81') in 0.0182413 seconds
Number of updated asset objects reloaded before import = 0Number of asset objects unloaded after import = 126

========================================================================
Received Import Request.
  Time since last request: 5.037596 seconds.
  path: Assets/Animator Controllers/mixamo.com.anim
  artifactKey: Guid(87e0a078290bf084abb4eca5fc6a22dc) Importer(815301076,1909f56bfc062723c751e8b465ee728b)
Start importing Assets/Animator Controllers/mixamo.com.anim using Guid(87e0a078290bf084abb4eca5fc6a22dc) Importer(815301076,1909f56bfc062723c751e8b465ee728b) (PreviewImporter) -> (artifact id: '70b17e24bdf1151ffcfe08053a8cf367') in 0.0079425 seconds
Number of updated asset objects reloaded before import = 0Number of asset objects unloaded after import = 1

========================================================================
Received Import Request.
  Time since last request: 7.720372 seconds.
  path: Assets/Animator Controllers/Slash.anim
  artifactKey: Guid(87e0a078290bf084abb4eca5fc6a22dc) Importer(815301076,1909f56bfc062723c751e8b465ee728b)
Start importing Assets/Animator Controllers/Slash.anim using Guid(87e0a078290bf084abb4eca5fc6a22dc) Importer(815301076,1909f56bfc062723c751e8b465ee728b) (PreviewImporter) -> (artifact id: 'ac57ceb58c885185763c4df5687b8a60') in 0.0091253 seconds
Number of updated asset objects reloaded before import = 0Number of asset objects unloaded after import = 1

========================================================================
Received Import Request.
  Time since last request: 188.403956 seconds.
  path: Assets/Animator Controllers/sword and shield attack.fbx
  artifactKey: Guid(85f9a5a465e646d4b9d871f58da352e2) Importer(815301076,1909f56bfc062723c751e8b465ee728b)
Start importing Assets/Animator Controllers/sword and shield attack.fbx using Guid(85f9a5a465e646d4b9d871f58da352e2) Importer(815301076,1909f56bfc062723c751e8b465ee728b) (PreviewImporter) -> (artifact id: '5afbaecba9375987b0b294bdb728372d') in 0.0166623 seconds
Number of updated asset objects reloaded before import = 0Number of asset objects unloaded after import = 124

========================================================================
Received Import Request.
  Time since last request: 6.398883 seconds.
  path: Assets/Animator Controllers/sword and shield attack.fbx
  artifactKey: Guid(85f9a5a465e646d4b9d871f58da352e2) Importer(815301076,1909f56bfc062723c751e8b465ee728b)
Start importing Assets/Animator Controllers/sword and shield attack.fbx using Guid(85f9a5a465e646d4b9d871f58da352e2) Importer(815301076,1909f56bfc062723c751e8b465ee728b) (PreviewImporter) -> (artifact id: '3e96bc0d0ae460fb50a1a691925a0784') in 0.0139672 seconds
Number of updated asset objects reloaded before import = 0Number of asset objects unloaded after import = 126

========================================================================
Received Import Request.
  Time since last request: 8.677056 seconds.
  path: Assets/Animator Controllers/mixamo.com.anim
  artifactKey: Guid(0a1d6bd22e05035439e771b221278e78) Importer(815301076,1909f56bfc062723c751e8b465ee728b)
Start importing Assets/Animator Controllers/mixamo.com.anim using Guid(0a1d6bd22e05035439e771b221278e78) Importer(815301076,1909f56bfc062723c751e8b465ee728b) (PreviewImporter) -> (artifact id: '0084b4364e09028d873d851b37d1f5a6') in 0.0114071 seconds
Number of updated asset objects reloaded before import = 0Number of asset objects unloaded after import = 1

========================================================================
Received Import Request.
  Time since last request: 6.482607 seconds.
  path: Assets/Animator Controllers/SwordShieldAttack.anim
  artifactKey: Guid(0a1d6bd22e05035439e771b221278e78) Importer(815301076,1909f56bfc062723c751e8b465ee728b)
Start importing Assets/Animator Controllers/SwordShieldAttack.anim using Guid(0a1d6bd22e05035439e771b221278e78) Importer(815301076,1909f56bfc062723c751e8b465ee728b) (PreviewImporter) -> (artifact id: '9f194a172e9c83d9b3e4a3ff38d67a51') in 0.0119085 seconds
Number of updated asset objects reloaded before import = 0Number of asset objects unloaded after import = 1

========================================================================
Received Import Request.
  Time since last request: 87.064919 seconds.
  path: Assets/Animator Controllers/sword and shield slash.fbx
  artifactKey: Guid(44e85d197df3100448a993df356c16cf) Importer(815301076,1909f56bfc062723c751e8b465ee728b)
Start importing Assets/Animator Controllers/sword and shield slash.fbx using Guid(44e85d197df3100448a993df356c16cf) Importer(815301076,1909f56bfc062723c751e8b465ee728b) (PreviewImporter) -> (artifact id: '9fef748c15f683f57f4054c9fab71a04') in 0.0133576 seconds
Number of updated asset objects reloaded before import = 0Number of asset objects unloaded after import = 124

========================================================================
Received Import Request.
  Time since last request: 143.491398 seconds.
  path: Assets/Animator Controllers/sword and shield slash.fbx
  artifactKey: Guid(44e85d197df3100448a993df356c16cf) Importer(815301076,1909f56bfc062723c751e8b465ee728b)
Start importing Assets/Animator Controllers/sword and shield slash.fbx using Guid(44e85d197df3100448a993df356c16cf) Importer(815301076,1909f56bfc062723c751e8b465ee728b) (PreviewImporter) -> (artifact id: 'a57d40adae7529f031b680cd98aedf57') in 0.0137624 seconds
Number of updated asset objects reloaded before import = 0Number of asset objects unloaded after import = 126

========================================================================
Received Import Request.
  Time since last request: 2.481136 seconds.
  path: Assets/Animator Controllers/mixamo.com.anim
  artifactKey: Guid(0c554fe8d0ada9d4bb0ed21cb089ed04) Importer(815301076,1909f56bfc062723c751e8b465ee728b)
Start importing Assets/Animator Controllers/mixamo.com.anim using Guid(0c554fe8d0ada9d4bb0ed21cb089ed04) Importer(815301076,1909f56bfc062723c751e8b465ee728b) (PreviewImporter) -> (artifact id: 'fdca61cba9051a9dcb34b1b77e7c958b') in 0.0070569 seconds
Number of updated asset objects reloaded before import = 0Number of asset objects unloaded after import = 1

========================================================================
Received Import Request.
  Time since last request: 4.681996 seconds.
  path: Assets/Animator Controllers/Slash.anim
  artifactKey: Guid(0c554fe8d0ada9d4bb0ed21cb089ed04) Importer(815301076,1909f56bfc062723c751e8b465ee728b)
Start importing Assets/Animator Controllers/Slash.anim using Guid(0c554fe8d0ada9d4bb0ed21cb089ed04) Importer(815301076,1909f56bfc062723c751e8b465ee728b) (PreviewImporter) -> (artifact id: '1a012ce5c379daf906430c58841f45e7') in 0.0066445 seconds
Number of updated asset objects reloaded before import = 0Number of asset objects unloaded after import = 1

========================================================================
Received Import Request.
  Time since last request: 94.862331 seconds.
  path: Assets/Animator Controllers/HumanM_Model@Sword And Shield Slash.fbx
  artifactKey: Guid(a33a105e199cff74796cbbff0fcd5900) Importer(815301076,1909f56bfc062723c751e8b465ee728b)
Start importing Assets/Animator Controllers/HumanM_Model@Sword And Shield Slash.fbx using Guid(a33a105e199cff74796cbbff0fcd5900) Importer(815301076,1909f56bfc062723c751e8b465ee728b) (PreviewImporter) -> (artifact id: '857f790e8608a82e4230d09fe9cce627') in 0.0207972 seconds
Number of updated asset objects reloaded before import = 0Number of asset objects unloaded after import = 124

========================================================================
Received Import Request.
  Time since last request: 6.994253 seconds.
  path: Assets/Animator Controllers/HumanM_Model@Sword And Shield Slash.fbx
  artifactKey: Guid(a33a105e199cff74796cbbff0fcd5900) Importer(815301076,1909f56bfc062723c751e8b465ee728b)
Start importing Assets/Animator Controllers/HumanM_Model@Sword And Shield Slash.fbx using Guid(a33a105e199cff74796cbbff0fcd5900) Importer(815301076,1909f56bfc062723c751e8b465ee728b) (PreviewImporter) -> (artifact id: 'daeb7cf394be330c79225c21515f2fe4') in 0.0217616 seconds
Number of updated asset objects reloaded before import = 0Number of asset objects unloaded after import = 126

========================================================================
Received Import Request.
  Time since last request: 673.504523 seconds.
  path: Assets/Animator Controllers/HumanM_Model@Sword And Shield Slash.fbx
  artifactKey: Guid(a33a105e199cff74796cbbff0fcd5900) Importer(815301076,1909f56bfc062723c751e8b465ee728b)
Start importing Assets/Animator Controllers/HumanM_Model@Sword And Shield Slash.fbx using Guid(a33a105e199cff74796cbbff0fcd5900) Importer(815301076,1909f56bfc062723c751e8b465ee728b) (PreviewImporter) -> (artifact id: '5aceeb80c6a0be856dd51f4466bbb709') in 0.0216061 seconds
Number of updated asset objects reloaded before import = 0Number of asset objects unloaded after import = 126

========================================================================
Received Import Request.
  Time since last request: 278.692506 seconds.
  path: Assets/Animator Controllers/HumanM_Model@Sword And Shield Slash.fbx
  artifactKey: Guid(a33a105e199cff74796cbbff0fcd5900) Importer(815301076,1909f56bfc062723c751e8b465ee728b)
Start importing Assets/Animator Controllers/HumanM_Model@Sword And Shield Slash.fbx using Guid(a33a105e199cff74796cbbff0fcd5900) Importer(815301076,1909f56bfc062723c751e8b465ee728b) (PreviewImporter) -> (artifact id: '2bbcee4b19795980a60884d731e3bad0') in 0.0290689 seconds
Number of updated asset objects reloaded before import = 0Number of asset objects unloaded after import = 126

