Using pre-set license
Built from '6000.0/staging' branch; Version is '6000.0.50f1 (f1ef1dca8bff) revision 15855389'; Using compiler version '193933523'; Build Type 'Release'
OS: 'Windows 11  (10.0.26100) 64bit Core' Language: 'en' Physical Memory: 32682 MB
BatchMode: 1, IsHumanControllingUs: 0, StartBugReporterOnCrash: 0, Is64bit: 1
Date: 2025-08-18T12:58:39Z

COMMAND LINE ARGUMENTS:
C:\Program Files\Unity\Hub\Editor\6000.0.50f1\Editor\Unity.exe
-adb2
-batchMode
-noUpm
-name
AssetImportWorker2
-projectPath
C:/GitHub/WyrmsWake/WyrmsWake
-logFile
Logs/AssetImportWorker2.log
-srvPort
64976
-job-worker-count
7
-background-job-worker-count
8
-gc-helper-count
1
Successfully changed project path to: C:/GitHub/WyrmsWake/WyrmsWake
C:/GitHub/WyrmsWake/WyrmsWake
[UnityMemory] Configuration Parameters - Can be set up in boot.config
    "memorysetup-bucket-allocator-granularity=16"
    "memorysetup-bucket-allocator-bucket-count=8"
    "memorysetup-bucket-allocator-block-size=33554432"
    "memorysetup-bucket-allocator-block-count=8"
    "memorysetup-main-allocator-block-size=16777216"
    "memorysetup-thread-allocator-block-size=16777216"
    "memorysetup-gfx-main-allocator-block-size=16777216"
    "memorysetup-gfx-thread-allocator-block-size=16777216"
    "memorysetup-cache-allocator-block-size=4194304"
    "memorysetup-typetree-allocator-block-size=2097152"
    "memorysetup-profiler-bucket-allocator-granularity=16"
    "memorysetup-profiler-bucket-allocator-bucket-count=8"
    "memorysetup-profiler-bucket-allocator-block-size=33554432"
    "memorysetup-profiler-bucket-allocator-block-count=8"
    "memorysetup-profiler-allocator-block-size=16777216"
    "memorysetup-profiler-editor-allocator-block-size=1048576"
    "memorysetup-temp-allocator-size-main=16777216"
    "memorysetup-job-temp-allocator-block-size=2097152"
    "memorysetup-job-temp-allocator-block-size-background=1048576"
    "memorysetup-job-temp-allocator-reduction-small-platforms=262144"
    "memorysetup-allocator-temp-initial-block-size-main=262144"
    "memorysetup-allocator-temp-initial-block-size-worker=262144"
    "memorysetup-temp-allocator-size-background-worker=32768"
    "memorysetup-temp-allocator-size-job-worker=262144"
    "memorysetup-temp-allocator-size-preload-manager=33554432"
    "memorysetup-temp-allocator-size-nav-mesh-worker=65536"
    "memorysetup-temp-allocator-size-audio-worker=65536"
    "memorysetup-temp-allocator-size-cloud-worker=32768"
    "memorysetup-temp-allocator-size-gi-baking-worker=262144"
    "memorysetup-temp-allocator-size-gi-baking-worker=262144"
    "memorysetup-temp-allocator-size-gi-baking-worker=262144"
    "memorysetup-temp-allocator-size-gi-baking-worker=262144"
    "memorysetup-temp-allocator-size-gi-baking-worker=262144"
    "memorysetup-temp-allocator-size-gfx=262144"
Player connection [24744]  Target information:

Player connection [24744]  * "[IP] 192.168.1.165 [Port] 0 [Flags] 2 [Guid] 1495616481 [EditorId] 1495616481 [Version] 1048832 [Id] WindowsEditor(7,AQ-PC) [Debug] 1 [PackageName] WindowsEditor [ProjectName] Editor" 

Player connection [24744]  * "[IP] 10.11.11.3 [Port] 0 [Flags] 2 [Guid] 1495616481 [EditorId] 1495616481 [Version] 1048832 [Id] WindowsEditor(7,AQ-PC) [Debug] 1 [PackageName] WindowsEditor [ProjectName] Editor" 

Player connection [24744] Host joined multi-casting on [225.0.0.222:54997]...
Player connection [24744] Host joined alternative multi-casting on [225.0.0.222:34997]...
JobSystem: Creating JobQueue using job-worker-count value 7
Input System module state changed to: Initialized.
[Physics::Module] Initialized fallback backend.
[Physics::Module] Id: 0xdecafbad
Library Redirect Path: Library/
[Physics::Module] Selected backend.
[Physics::Module] Name: PhysX
[Physics::Module] Id: 0xf2b8ea05
[Physics::Module] SDK Version: 4.1.2
[Physics::Module] Integration Version: 1.0.0
[Physics::Module] Threading Mode: Multi-Threaded
Refreshing native plugins compatible for Editor in 1.92 ms, found 3 plugins.
Preloading 0 native plugins for Editor in 0.00 ms.
Initialize engine version: 6000.0.50f1 (f1ef1dca8bff)
[Subsystems] Discovering subsystems at path C:/Program Files/Unity/Hub/Editor/6000.0.50f1/Editor/Data/Resources/UnitySubsystems
[Subsystems] Discovering subsystems at path C:/GitHub/WyrmsWake/WyrmsWake/Assets
GfxDevice: creating device client; kGfxThreadingModeNonThreaded
Direct3D:
    Version:  Direct3D 11.0 [level 11.1]
    Renderer: NVIDIA GeForce RTX 4070 Ti SUPER (ID=0x2705)
    Vendor:   NVIDIA
    VRAM:     16063 MB
    Driver:   32.0.15.7688
Initialize mono
Mono path[0] = 'C:/Program Files/Unity/Hub/Editor/6000.0.50f1/Editor/Data/Managed'
Mono path[1] = 'C:/Program Files/Unity/Hub/Editor/6000.0.50f1/Editor/Data/MonoBleedingEdge/lib/mono/unityjit-win32'
Mono config path = 'C:/Program Files/Unity/Hub/Editor/6000.0.50f1/Editor/Data/MonoBleedingEdge/etc'
Using monoOptions --debugger-agent=transport=dt_socket,embedding=1,server=y,suspend=n,address=127.0.0.1:56788
Begin MonoManager ReloadAssembly
Registering precompiled unity dll's ...
Register platform support module: C:/Program Files/Unity/Hub/Editor/6000.0.50f1/Editor/Data/PlaybackEngines/WindowsStandaloneSupport/UnityEditor.WindowsStandalone.Extensions.dll
Registered in 0.002915 seconds.
- Loaded All Assemblies, in  0.356 seconds
Native extension for WindowsStandalone target not found
Mono: successfully reloaded assembly
- Finished resetting the current domain, in  0.319 seconds
Domain Reload Profiling: 673ms
	BeginReloadAssembly (116ms)
		ExecutionOrderSort (0ms)
		DisableScriptedObjects (0ms)
		BackupInstance (0ms)
		ReleaseScriptingObjects (0ms)
		CreateAndSetChildDomain (1ms)
	RebuildCommonClasses (39ms)
	RebuildNativeTypeToScriptingClass (12ms)
	initialDomainReloadingComplete (48ms)
	LoadAllAssembliesAndSetupDomain (140ms)
		LoadAssemblies (112ms)
		RebuildTransferFunctionScriptingTraits (0ms)
		AnalyzeDomain (137ms)
			TypeCache.Refresh (135ms)
				TypeCache.ScanAssembly (124ms)
			BuildScriptInfoCaches (0ms)
			ResolveRequiredComponents (0ms)
	FinalizeReload (319ms)
		ReleaseScriptCaches (0ms)
		RebuildScriptCaches (0ms)
		SetupLoadedEditorAssemblies (278ms)
			LogAssemblyErrors (0ms)
			InitializePlatformSupportModulesInManaged (17ms)
			SetLoadedEditorAssemblies (3ms)
			BeforeProcessingInitializeOnLoad (63ms)
			ProcessInitializeOnLoadAttributes (146ms)
			ProcessInitializeOnLoadMethodAttributes (48ms)
			AfterProcessingInitializeOnLoad (0ms)
			EditorAssembliesLoaded (0ms)
		ExecutionOrderSort2 (0ms)
		AwakeInstancesAfterBackupRestoration (0ms)
========================================================================
Worker process is ready to serve import requests
Import Worker Mode flag is 0x00
Begin MonoManager ReloadAssembly
- Loaded All Assemblies, in  0.687 seconds
Refreshing native plugins compatible for Editor in 0.78 ms, found 3 plugins.
Native extension for WindowsStandalone target not found
Mono: successfully reloaded assembly
- Finished resetting the current domain, in  0.670 seconds
Domain Reload Profiling: 1354ms
	BeginReloadAssembly (167ms)
		ExecutionOrderSort (0ms)
		DisableScriptedObjects (8ms)
		BackupInstance (0ms)
		ReleaseScriptingObjects (0ms)
		CreateAndSetChildDomain (32ms)
	RebuildCommonClasses (39ms)
	RebuildNativeTypeToScriptingClass (13ms)
	initialDomainReloadingComplete (39ms)
	LoadAllAssembliesAndSetupDomain (426ms)
		LoadAssemblies (298ms)
		RebuildTransferFunctionScriptingTraits (0ms)
		AnalyzeDomain (216ms)
			TypeCache.Refresh (159ms)
				TypeCache.ScanAssembly (144ms)
			BuildScriptInfoCaches (41ms)
			ResolveRequiredComponents (12ms)
	FinalizeReload (671ms)
		ReleaseScriptCaches (0ms)
		RebuildScriptCaches (0ms)
		SetupLoadedEditorAssemblies (492ms)
			LogAssemblyErrors (0ms)
			InitializePlatformSupportModulesInManaged (2ms)
			SetLoadedEditorAssemblies (3ms)
			BeforeProcessingInitializeOnLoad (111ms)
			ProcessInitializeOnLoadAttributes (325ms)
			ProcessInitializeOnLoadMethodAttributes (48ms)
			AfterProcessingInitializeOnLoad (4ms)
			EditorAssembliesLoaded (0ms)
		ExecutionOrderSort2 (0ms)
		AwakeInstancesAfterBackupRestoration (6ms)
Launched and connected shader compiler UnityShaderCompiler.exe after 0.01 seconds
Refreshing native plugins compatible for Editor in 1.29 ms, found 3 plugins.
Preloading 0 native plugins for Editor in 0.00 ms.
Unloading 218 Unused Serialized files (Serialized files now loaded: 0)
Unloading 6084 unused Assets / (6.7 MB). Loaded Objects now: 6759.
Memory consumption went from 242.5 MB to 235.8 MB.
Total: 15.759800 ms (FindLiveObjects: 1.273700 ms CreateObjectMapping: 1.788600 ms MarkObjects: 8.177600 ms  DeleteObjects: 4.519100 ms)

========================================================================
Received Import Request.
  Time since last request: 95449.148513 seconds.
  path: Assets/Kevin Iglesias/Human Animations/Unity Demo Scenes/Human Melee Animations/AnimatorControllers/Female/Polearm/HumanF@Combat - Polearm.overrideController
  artifactKey: Guid(6a3c91662e1e56b47b06da725763f1ff) Importer(815301076,1909f56bfc062723c751e8b465ee728b)
Start importing Assets/Kevin Iglesias/Human Animations/Unity Demo Scenes/Human Melee Animations/AnimatorControllers/Female/Polearm/HumanF@Combat - Polearm.overrideController using Guid(6a3c91662e1e56b47b06da725763f1ff) Importer(815301076,1909f56bfc062723c751e8b465ee728b) (PreviewImporter) -> (artifact id: 'c3eea15a87a2dc607420946f97d3700a') in 0.0705435 seconds
Number of updated asset objects reloaded before import = 0Number of asset objects unloaded after import = 31

========================================================================
Received Import Request.
  Time since last request: 0.000019 seconds.
  path: Assets/Kevin Iglesias/Human Animations/Unity Demo Scenes/Human Spellcasting Animations/AnimatorControllers/HumanF@CastingIdles.overrideController
  artifactKey: Guid(a5fa557e8dc63f542a9d6ff3f3181633) Importer(815301076,1909f56bfc062723c751e8b465ee728b)
Start importing Assets/Kevin Iglesias/Human Animations/Unity Demo Scenes/Human Spellcasting Animations/AnimatorControllers/HumanF@CastingIdles.overrideController using Guid(a5fa557e8dc63f542a9d6ff3f3181633) Importer(815301076,1909f56bfc062723c751e8b465ee728b) (PreviewImporter) -> (artifact id: '408c26ace31b7f015bf26550be80bfa8') in 0.0119938 seconds
Number of updated asset objects reloaded before import = 0Number of asset objects unloaded after import = 19

========================================================================
Received Import Request.
  Time since last request: 7.404963 seconds.
  path: Assets
  artifactKey: Guid(00000000000000001000000000000000) Importer(815301076,1909f56bfc062723c751e8b465ee728b)
Start importing Assets using Guid(00000000000000001000000000000000) Importer(815301076,1909f56bfc062723c751e8b465ee728b) (PreviewImporter) -> (artifact id: 'c391582d739b6e62a5220f35cbb167ac') in 0.0006375 seconds
Number of updated asset objects reloaded before import = 0Number of asset objects unloaded after import = 0

========================================================================
Received Import Request.
  Time since last request: 18.228081 seconds.
  path: Assets/Animator Controllers
  artifactKey: Guid(e4c757b716cb2b845ad9cb02f46421de) Importer(815301076,1909f56bfc062723c751e8b465ee728b)
Start importing Assets/Animator Controllers using Guid(e4c757b716cb2b845ad9cb02f46421de) Importer(815301076,1909f56bfc062723c751e8b465ee728b) (PreviewImporter) -> (artifact id: '4b1a720aff7000be9618d9ecc72f66a7') in 0.0006614 seconds
Number of updated asset objects reloaded before import = 0Number of asset objects unloaded after import = 0

========================================================================
Received Import Request.
  Time since last request: 9.532433 seconds.
  path: Assets/Animator Controllers/Player.controller
  artifactKey: Guid(270f76eefcfb5c145a33826124fa4077) Importer(815301076,1909f56bfc062723c751e8b465ee728b)
Start importing Assets/Animator Controllers/Player.controller using Guid(270f76eefcfb5c145a33826124fa4077) Importer(815301076,1909f56bfc062723c751e8b465ee728b) (PreviewImporter) -> (artifact id: '334c23e49adba4a69e1d0566f7d31891') in 0.0009093 seconds
Number of updated asset objects reloaded before import = 0Number of asset objects unloaded after import = 1

========================================================================
Received Import Request.
  Time since last request: 29.819948 seconds.
  path: Assets/Kevin Iglesias/Human Animations/Models/HumanF_Model.fbx
  artifactKey: Guid(1841c298173cdad4db8df8602c8f1c8d) Importer(815301076,1909f56bfc062723c751e8b465ee728b)
Start importing Assets/Kevin Iglesias/Human Animations/Models/HumanF_Model.fbx using Guid(1841c298173cdad4db8df8602c8f1c8d) Importer(815301076,1909f56bfc062723c751e8b465ee728b) (PreviewImporter) -> (artifact id: 'ba20bd97e17a899f6b6ba38c3631e42e') in 0.5071045 seconds
Number of updated asset objects reloaded before import = 0Number of asset objects unloaded after import = 125

========================================================================
Received Import Request.
  Time since last request: 166.951626 seconds.
  path: Assets/Kevin Iglesias/Human Animations/Animations/Male/Movement/Strafe/StrafeRun/HumanM@StrafeRun01_BackwardLeft.fbx
  artifactKey: Guid(51bdc1cd12e2d1a489d0eefb275b3cb6) Importer(815301076,1909f56bfc062723c751e8b465ee728b)
Start importing Assets/Kevin Iglesias/Human Animations/Animations/Male/Movement/Strafe/StrafeRun/HumanM@StrafeRun01_BackwardLeft.fbx using Guid(51bdc1cd12e2d1a489d0eefb275b3cb6) Importer(815301076,1909f56bfc062723c751e8b465ee728b) (PreviewImporter) -> (artifact id: '18602da358ac1871c8c1df4b2707b774') in 0.004452 seconds
Number of updated asset objects reloaded before import = 0Number of asset objects unloaded after import = 119

========================================================================
Received Import Request.
  Time since last request: 0.000026 seconds.
  path: Assets/Kevin Iglesias/Human Animations/Animations/Male/Movement/Strafe/StrafeRun/HumanM@StrafeRun01_ForwardLeft.fbx
  artifactKey: Guid(dbeb1d30562b4094989acf0edc917d35) Importer(815301076,1909f56bfc062723c751e8b465ee728b)
Start importing Assets/Kevin Iglesias/Human Animations/Animations/Male/Movement/Strafe/StrafeRun/HumanM@StrafeRun01_ForwardLeft.fbx using Guid(dbeb1d30562b4094989acf0edc917d35) Importer(815301076,1909f56bfc062723c751e8b465ee728b) (PreviewImporter) -> (artifact id: 'dace1b3d21469d303cbeb39461f9a744') in 0.0027768 seconds
Number of updated asset objects reloaded before import = 0Number of asset objects unloaded after import = 119

========================================================================
Received Import Request.
  Time since last request: 0.000024 seconds.
  path: Assets/Kevin Iglesias/Human Animations/Animations/Male/Movement/Strafe/StrafeRun/HumanM@StrafeRun01_Right.fbx
  artifactKey: Guid(a333b7b43cbe387438f463c8b67a349c) Importer(815301076,1909f56bfc062723c751e8b465ee728b)
Start importing Assets/Kevin Iglesias/Human Animations/Animations/Male/Movement/Strafe/StrafeRun/HumanM@StrafeRun01_Right.fbx using Guid(a333b7b43cbe387438f463c8b67a349c) Importer(815301076,1909f56bfc062723c751e8b465ee728b) (PreviewImporter) -> (artifact id: 'da97d380253de8e8d9b833478fb33987') in 0.0032077 seconds
Number of updated asset objects reloaded before import = 0Number of asset objects unloaded after import = 119

========================================================================
Received Import Request.
  Time since last request: 311.225041 seconds.
  path: Assets/Kevin Iglesias/Human Character Dummy/Models/HumanCharacterDummy_M.fbx
  artifactKey: Guid(d9cd8eb4a074cd84ab2686c58bcf21d9) Importer(815301076,1909f56bfc062723c751e8b465ee728b)
Start importing Assets/Kevin Iglesias/Human Character Dummy/Models/HumanCharacterDummy_M.fbx using Guid(d9cd8eb4a074cd84ab2686c58bcf21d9) Importer(815301076,1909f56bfc062723c751e8b465ee728b) (PreviewImporter) -> (artifact id: '2c9817ca291e9e6256ad5fea1e7f1f17') in 0.0219654 seconds
Number of updated asset objects reloaded before import = 0Number of asset objects unloaded after import = 124

========================================================================
Received Import Request.
  Time since last request: 53.245547 seconds.
  path: Assets/Kevin Iglesias/Human Animations/Models/Avatar Masks/Human Body Upper Mask.mask
  artifactKey: Guid(142a22760aae7114f82e9cfc781709d0) Importer(815301076,1909f56bfc062723c751e8b465ee728b)
Start importing Assets/Kevin Iglesias/Human Animations/Models/Avatar Masks/Human Body Upper Mask.mask using Guid(142a22760aae7114f82e9cfc781709d0) Importer(815301076,1909f56bfc062723c751e8b465ee728b) (PreviewImporter) -> (artifact id: '3ac7f83f36311be0cb1accf60292e74e') in 0.0010155 seconds
Number of updated asset objects reloaded before import = 0Number of asset objects unloaded after import = 1

========================================================================
Received Import Request.
  Time since last request: 56.464796 seconds.
  path: Assets/Kevin Iglesias/Human Animations/Unity Demo Scenes/Human Basic Motions/Prefabs/Human_BasicMotionsDummy_M.prefab
  artifactKey: Guid(bb96394e9629f20408ea23d3760ba123) Importer(815301076,1909f56bfc062723c751e8b465ee728b)
Start importing Assets/Kevin Iglesias/Human Animations/Unity Demo Scenes/Human Basic Motions/Prefabs/Human_BasicMotionsDummy_M.prefab using Guid(bb96394e9629f20408ea23d3760ba123) Importer(815301076,1909f56bfc062723c751e8b465ee728b) (PreviewImporter) -> (artifact id: '221ff8022e7ce698edf42e3b5519b3ab') in 0.0109379 seconds
Number of updated asset objects reloaded before import = 0Number of asset objects unloaded after import = 250

========================================================================
Received Import Request.
  Time since last request: 12.856824 seconds.
  path: Assets/Kevin Iglesias/Human Animations/Unity Demo Scenes/Human Melee Animations/Prefabs/Characters/HumanF_Dummy_Red - Dual Wield.prefab
  artifactKey: Guid(e50d8f3bdcd56ad4b969dda5422e9099) Importer(815301076,1909f56bfc062723c751e8b465ee728b)
Start importing Assets/Kevin Iglesias/Human Animations/Unity Demo Scenes/Human Melee Animations/Prefabs/Characters/HumanF_Dummy_Red - Dual Wield.prefab using Guid(e50d8f3bdcd56ad4b969dda5422e9099) Importer(815301076,1909f56bfc062723c751e8b465ee728b) (PreviewImporter) -> (artifact id: '165048f3ea94c0a723cd1859f7fd87c0') in 0.016272 seconds
Number of updated asset objects reloaded before import = 0Number of asset objects unloaded after import = 295

========================================================================
Received Import Request.
  Time since last request: 0.000018 seconds.
  path: Assets/Kevin Iglesias/Human Animations/Unity Demo Scenes/Human Melee Animations/Prefabs/Characters/HumanF_Dummy_Red - Sword and Shield.prefab
  artifactKey: Guid(36a7367749b505b4aa8c859a2ac7f933) Importer(815301076,1909f56bfc062723c751e8b465ee728b)
Start importing Assets/Kevin Iglesias/Human Animations/Unity Demo Scenes/Human Melee Animations/Prefabs/Characters/HumanF_Dummy_Red - Sword and Shield.prefab using Guid(36a7367749b505b4aa8c859a2ac7f933) Importer(815301076,1909f56bfc062723c751e8b465ee728b) (PreviewImporter) -> (artifact id: '2133eeb31cbe21e6ebd4386da215e292') in 0.0124385 seconds
Number of updated asset objects reloaded before import = 0Number of asset objects unloaded after import = 285

========================================================================
Received Import Request.
  Time since last request: 0.000021 seconds.
  path: Assets/Kevin Iglesias/Human Animations/Unity Demo Scenes/Human Melee Animations/Prefabs/Characters/HumanM_Dummy_Red - Greatsword.prefab
  artifactKey: Guid(e625906aa3584f2438cf119f0cd401a9) Importer(815301076,1909f56bfc062723c751e8b465ee728b)
Start importing Assets/Kevin Iglesias/Human Animations/Unity Demo Scenes/Human Melee Animations/Prefabs/Characters/HumanM_Dummy_Red - Greatsword.prefab using Guid(e625906aa3584f2438cf119f0cd401a9) Importer(815301076,1909f56bfc062723c751e8b465ee728b) (PreviewImporter) -> (artifact id: '5ae5b681061f1b405f2cec0c09c40090') in 0.0110839 seconds
Number of updated asset objects reloaded before import = 0Number of asset objects unloaded after import = 268

========================================================================
Received Import Request.
  Time since last request: 0.000025 seconds.
  path: Assets/Kevin Iglesias/Human Animations/Unity Demo Scenes/Human Melee Animations/Prefabs/Characters/HumanM_Dummy_Red - Dual Wield.prefab
  artifactKey: Guid(a6c0ffbfdc555a2498daa513befe0bb3) Importer(815301076,1909f56bfc062723c751e8b465ee728b)
Start importing Assets/Kevin Iglesias/Human Animations/Unity Demo Scenes/Human Melee Animations/Prefabs/Characters/HumanM_Dummy_Red - Dual Wield.prefab using Guid(a6c0ffbfdc555a2498daa513befe0bb3) Importer(815301076,1909f56bfc062723c751e8b465ee728b) (PreviewImporter) -> (artifact id: '62f151c5a6f4162ffacc510185fcd7d9') in 0.0130377 seconds
Number of updated asset objects reloaded before import = 0Number of asset objects unloaded after import = 295

========================================================================
Received Import Request.
  Time since last request: 0.000036 seconds.
  path: Assets/Kevin Iglesias/Human Animations/Unity Demo Scenes/Human Melee Animations/Prefabs/Characters/HumanM_Dummy_Red - Sword and Shield.prefab
  artifactKey: Guid(e76e3a3af8c9c5e42968c424e2b49ef2) Importer(815301076,1909f56bfc062723c751e8b465ee728b)
Start importing Assets/Kevin Iglesias/Human Animations/Unity Demo Scenes/Human Melee Animations/Prefabs/Characters/HumanM_Dummy_Red - Sword and Shield.prefab using Guid(e76e3a3af8c9c5e42968c424e2b49ef2) Importer(815301076,1909f56bfc062723c751e8b465ee728b) (PreviewImporter) -> (artifact id: '2759a2d9bfa960bd1a22f78b295b0510') in 0.0109779 seconds
Number of updated asset objects reloaded before import = 0Number of asset objects unloaded after import = 285

========================================================================
Received Import Request.
  Time since last request: 9.514394 seconds.
  path: Assets/Kevin Iglesias/Human Animations/Unity Demo Scenes/Human Spellcasting Animations/Prefabs/Human_MageHat.prefab
  artifactKey: Guid(2c08be953cc5e8745b01f51ae2e4c3ab) Importer(815301076,1909f56bfc062723c751e8b465ee728b)
Start importing Assets/Kevin Iglesias/Human Animations/Unity Demo Scenes/Human Spellcasting Animations/Prefabs/Human_MageHat.prefab using Guid(2c08be953cc5e8745b01f51ae2e4c3ab) Importer(815301076,1909f56bfc062723c751e8b465ee728b) (PreviewImporter) -> (artifact id: '4c6b45a3c6b32096ec1098bb0a0d9da1') in 0.008521 seconds
Number of updated asset objects reloaded before import = 0Number of asset objects unloaded after import = 16

Editor requested this worker to shutdown with reason: Scaling down because of idle timeout
AssetImportWorker is now disconnected from the server
Process exiting
Exiting without the bug reporter. Application will terminate with return code 0